[debug] [2025-07-30T10:34:24.346Z] [Firebase Plugin] Activating Firebase extension.
[info] [Firebase Plugin] Checked firebase-tools, is up to date!
[debug] [2025-07-30T10:34:26.963Z] [Firebase Plugin] requireAuthWrapper
[debug] [2025-07-30T10:34:26.963Z] > command requires scopes: ["email","openid","https://www.googleapis.com/auth/cloudplatformprojects.readonly","https://www.googleapis.com/auth/firebase","https://www.googleapis.com/auth/cloud-platform"]
[debug] [2025-07-30T10:34:26.964Z] > authorizing via signed-in user (wmmaina7@gmail.com)
[debug] [2025-07-30T10:34:26.965Z] Checked if tokens are valid: true, expires at: 1753874344678
[debug] [2025-07-30T10:34:26.965Z] Checked if tokens are valid: true, expires at: 1753874344678
[debug] [2025-07-30T10:34:26.965Z] [Firebase Plugin] User found:  wmmaina7@gmail.com
[info] [Firebase Plugin] (Core:Project) New user detected, fetching projects
[debug] [2025-07-30T10:34:26.966Z] Checked if tokens are valid: true, expires at: 1753874344678
[debug] [2025-07-30T10:34:26.967Z] >>> [apiv2][query] GET https://firebase.googleapis.com/v1beta1/projects pageSize=1000
[info] [Firebase Plugin] Starting Data Connect toolkit (version 2.10.1) on port 50001
[debug] [2025-07-30T10:34:27.408Z] 'fdc build' failed with error: Unable to build your Data Connect schema and connectors (exit code 1): E0730 13:34:27.403806   78903 cmd.go:43] Error loading data connect config: could not find dataconnect.yaml in `/Users/mainawycliffe/projects/github-griller/dataconnect`
 {"metadata":{"emulator":{"name":"dataconnect"},"message":"'fdc build' failed with error: Unable to build your Data Connect schema and connectors (exit code 1): E0730 13:34:27.403806   78903 cmd.go:43] Error loading data connect config: could not find dataconnect.yaml in `/Users/mainawycliffe/projects/github-griller/dataconnect`\n"}}
[debug] [2025-07-30T10:34:27.409Z] Ignoring unsupported arg: auto_download {"metadata":{"emulator":{"name":"dataconnect"},"message":"Ignoring unsupported arg: auto_download"}}
[debug] [2025-07-30T10:34:27.409Z] Ignoring unsupported arg: port {"metadata":{"emulator":{"name":"dataconnect"},"message":"Ignoring unsupported arg: port"}}
[debug] [2025-07-30T10:34:27.409Z] Starting Data Connect Emulator with command {"binary":"/Users/mainawycliffe/.cache/firebase/emulators/dataconnect-emulator-2.10.1","args":["--logtostderr","-v=2","dev","--listen=localhost:50001","--config_dir=/Users/mainawycliffe/projects/github-griller/dataconnect","--enable_output_schema_extensions=true","--enable_output_generated_sdk=true"],"optionalArgs":["listen","config_dir","enable_output_schema_extensions","enable_output_generated_sdk"],"joinArgs":true,"shell":false,"port":9399} {"metadata":{"emulator":{"name":"dataconnect"},"message":"Starting Data Connect Emulator with command {\"binary\":\"/Users/mainawycliffe/.cache/firebase/emulators/dataconnect-emulator-2.10.1\",\"args\":[\"--logtostderr\",\"-v=2\",\"dev\",\"--listen=localhost:50001\",\"--config_dir=/Users/mainawycliffe/projects/github-griller/dataconnect\",\"--enable_output_schema_extensions=true\",\"--enable_output_generated_sdk=true\"],\"optionalArgs\":[\"listen\",\"config_dir\",\"enable_output_schema_extensions\",\"enable_output_generated_sdk\"],\"joinArgs\":true,\"shell\":false,\"port\":9399}"}}
[info] i  dataconnect: Data Connect Emulator logging to dataconnect-debug.log {"metadata":{"emulator":{"name":"dataconnect"},"message":"Data Connect Emulator logging to dataconnect-debug.log"}}
[debug] [2025-07-30T10:34:27.638Z] E0730 13:34:27.636166   78904 load.go:23] Could not load config from "/Users/mainawycliffe/projects/github-griller/dataconnect": could not find dataconnect.yaml in `/Users/mainawycliffe/projects/github-griller/dataconnect`
 {"metadata":{"emulator":{"name":"dataconnect"},"message":"E0730 13:34:27.636166   78904 load.go:23] Could not load config from \"/Users/mainawycliffe/projects/github-griller/dataconnect\": could not find dataconnect.yaml in `/Users/mainawycliffe/projects/github-griller/dataconnect`\n"}}
[debug] [2025-07-30T10:34:27.641Z] E0730 13:34:27.641869   78904 watch.go:76] watchAllDir unable to walk dir `/Users/mainawycliffe/projects/github-griller/dataconnect`: on path "/Users/mainawycliffe/projects/github-griller/dataconnect" (DirEntry: <nil>): lstat /Users/mainawycliffe/projects/github-griller/dataconnect: no such file or directory
 {"metadata":{"emulator":{"name":"dataconnect"},"message":"E0730 13:34:27.641869   78904 watch.go:76] watchAllDir unable to walk dir `/Users/mainawycliffe/projects/github-griller/dataconnect`: on path \"/Users/mainawycliffe/projects/github-griller/dataconnect\" (DirEntry: <nil>): lstat /Users/mainawycliffe/projects/github-griller/dataconnect: no such file or directory\n"}}
[debug] [2025-07-30T10:34:27.644Z] I0730 13:34:27.644624   78904 dev.go:95] Listening on address (HTTP + gRPC): 127.0.0.1:50001
 {"metadata":{"emulator":{"name":"dataconnect"},"message":"I0730 13:34:27.644624   78904 dev.go:95] Listening on address (HTTP + gRPC): 127.0.0.1:50001\n"}}
[debug] [2025-07-30T10:34:28.028Z] <<< [apiv2][status] GET https://firebase.googleapis.com/v1beta1/projects 200
[debug] [2025-07-30T10:34:28.028Z] <<< [apiv2][body] GET https://firebase.googleapis.com/v1beta1/projects [omitted]
[error] [Firebase Plugin] error:  {}
[debug] [2025-07-30T10:34:37.643Z] E0730 13:34:37.643325   78904 load.go:23] Could not load config from "/Users/mainawycliffe/projects/github-griller/dataconnect": could not find dataconnect.yaml in `/Users/mainawycliffe/projects/github-griller/dataconnect`
 {"metadata":{"emulator":{"name":"dataconnect"},"message":"E0730 13:34:37.643325   78904 load.go:23] Could not load config from \"/Users/mainawycliffe/projects/github-griller/dataconnect\": could not find dataconnect.yaml in `/Users/mainawycliffe/projects/github-griller/dataconnect`\n"}}
[debug] [2025-07-30T10:34:47.644Z] E0730 13:34:47.643672   78904 load.go:23] Could not load config from "/Users/mainawycliffe/projects/github-griller/dataconnect": could not find dataconnect.yaml in `/Users/mainawycliffe/projects/github-griller/dataconnect`
 {"metadata":{"emulator":{"name":"dataconnect"},"message":"E0730 13:34:47.643672   78904 load.go:23] Could not load config from \"/Users/mainawycliffe/projects/github-griller/dataconnect\": could not find dataconnect.yaml in `/Users/mainawycliffe/projects/github-griller/dataconnect`\n"}}
[debug] [2025-07-30T10:34:57.642Z] E0730 13:34:57.642752   78904 load.go:23] Could not load config from "/Users/mainawycliffe/projects/github-griller/dataconnect": could not find dataconnect.yaml in `/Users/mainawycliffe/projects/github-griller/dataconnect`
 {"metadata":{"emulator":{"name":"dataconnect"},"message":"E0730 13:34:57.642752   78904 load.go:23] Could not load config from \"/Users/mainawycliffe/projects/github-griller/dataconnect\": could not find dataconnect.yaml in `/Users/mainawycliffe/projects/github-griller/dataconnect`\n"}}
[debug] [2025-07-30T10:35:07.643Z] E0730 13:35:07.643107   78904 load.go:23] Could not load config from "/Users/mainawycliffe/projects/github-griller/dataconnect": could not find dataconnect.yaml in `/Users/mainawycliffe/projects/github-griller/dataconnect`
 {"metadata":{"emulator":{"name":"dataconnect"},"message":"E0730 13:35:07.643107   78904 load.go:23] Could not load config from \"/Users/mainawycliffe/projects/github-griller/dataconnect\": could not find dataconnect.yaml in `/Users/mainawycliffe/projects/github-griller/dataconnect`\n"}}
[debug] [2025-07-30T10:35:17.643Z] E0730 13:35:17.643296   78904 load.go:23] Could not load config from "/Users/mainawycliffe/projects/github-griller/dataconnect": could not find dataconnect.yaml in `/Users/mainawycliffe/projects/github-griller/dataconnect`
 {"metadata":{"emulator":{"name":"dataconnect"},"message":"E0730 13:35:17.643296   78904 load.go:23] Could not load config from \"/Users/mainawycliffe/projects/github-griller/dataconnect\": could not find dataconnect.yaml in `/Users/mainawycliffe/projects/github-griller/dataconnect`\n"}}
[debug] [2025-07-30T10:35:27.644Z] E0730 13:35:27.643562   78904 load.go:23] Could not load config from "/Users/mainawycliffe/projects/github-griller/dataconnect": could not find dataconnect.yaml in `/Users/mainawycliffe/projects/github-griller/dataconnect`
 {"metadata":{"emulator":{"name":"dataconnect"},"message":"E0730 13:35:27.643562   78904 load.go:23] Could not load config from \"/Users/mainawycliffe/projects/github-griller/dataconnect\": could not find dataconnect.yaml in `/Users/mainawycliffe/projects/github-griller/dataconnect`\n"}}
[info] [Firebase Plugin] Stopping Data Connect toolkit
[warn] ⚠  Data Connect Emulator has exited upon receiving signal: SIGINT 
[debug] [2025-07-30T10:35:36.055Z] [Firebase Plugin] Activating Firebase extension.
[info] [Firebase Plugin] Checked firebase-tools, is up to date!
[debug] [2025-07-30T10:35:37.714Z] [Firebase Plugin] requireAuthWrapper
[debug] [2025-07-30T10:35:37.715Z] > command requires scopes: ["email","openid","https://www.googleapis.com/auth/cloudplatformprojects.readonly","https://www.googleapis.com/auth/firebase","https://www.googleapis.com/auth/cloud-platform"]
[debug] [2025-07-30T10:35:37.715Z] > authorizing via signed-in user (wmmaina7@gmail.com)
[debug] [2025-07-30T10:35:37.717Z] Checked if tokens are valid: true, expires at: 1753874344678
[debug] [2025-07-30T10:35:37.717Z] Checked if tokens are valid: true, expires at: 1753874344678
[debug] [2025-07-30T10:35:37.717Z] [Firebase Plugin] User found:  wmmaina7@gmail.com
[info] [Firebase Plugin] (Core:Project) New user detected, fetching projects
[debug] [2025-07-30T10:35:37.718Z] Checked if tokens are valid: true, expires at: 1753874344678
[debug] [2025-07-30T10:35:37.718Z] >>> [apiv2][query] GET https://firebase.googleapis.com/v1beta1/projects pageSize=1000
[info] [Firebase Plugin] Starting Data Connect toolkit (version 2.10.1) on port 50001
[debug] [2025-07-30T10:35:38.108Z] 'fdc build' failed with error: Unable to build your Data Connect schema and connectors (exit code 1): E0730 13:35:38.103328   79121 cmd.go:43] Error loading data connect config: could not find dataconnect.yaml in `/Users/mainawycliffe/projects/github-griller/dataconnect`
 {"metadata":{"emulator":{"name":"dataconnect"},"message":"'fdc build' failed with error: Unable to build your Data Connect schema and connectors (exit code 1): E0730 13:35:38.103328   79121 cmd.go:43] Error loading data connect config: could not find dataconnect.yaml in `/Users/mainawycliffe/projects/github-griller/dataconnect`\n"}}
[debug] [2025-07-30T10:35:38.109Z] Ignoring unsupported arg: auto_download {"metadata":{"emulator":{"name":"dataconnect"},"message":"Ignoring unsupported arg: auto_download"}}
[debug] [2025-07-30T10:35:38.109Z] Ignoring unsupported arg: port {"metadata":{"emulator":{"name":"dataconnect"},"message":"Ignoring unsupported arg: port"}}
[debug] [2025-07-30T10:35:38.109Z] Starting Data Connect Emulator with command {"binary":"/Users/mainawycliffe/.cache/firebase/emulators/dataconnect-emulator-2.10.1","args":["--logtostderr","-v=2","dev","--listen=localhost:50001","--config_dir=/Users/mainawycliffe/projects/github-griller/dataconnect","--enable_output_schema_extensions=true","--enable_output_generated_sdk=true"],"optionalArgs":["listen","config_dir","enable_output_schema_extensions","enable_output_generated_sdk"],"joinArgs":true,"shell":false,"port":9399} {"metadata":{"emulator":{"name":"dataconnect"},"message":"Starting Data Connect Emulator with command {\"binary\":\"/Users/mainawycliffe/.cache/firebase/emulators/dataconnect-emulator-2.10.1\",\"args\":[\"--logtostderr\",\"-v=2\",\"dev\",\"--listen=localhost:50001\",\"--config_dir=/Users/mainawycliffe/projects/github-griller/dataconnect\",\"--enable_output_schema_extensions=true\",\"--enable_output_generated_sdk=true\"],\"optionalArgs\":[\"listen\",\"config_dir\",\"enable_output_schema_extensions\",\"enable_output_generated_sdk\"],\"joinArgs\":true,\"shell\":false,\"port\":9399}"}}
[info] i  dataconnect: Data Connect Emulator logging to dataconnect-debug.log {"metadata":{"emulator":{"name":"dataconnect"},"message":"Data Connect Emulator logging to dataconnect-debug.log"}}
[debug] [2025-07-30T10:35:38.348Z] E0730 13:35:38.346443   79122 load.go:23] Could not load config from "/Users/mainawycliffe/projects/github-griller/dataconnect": could not find dataconnect.yaml in `/Users/mainawycliffe/projects/github-griller/dataconnect`
 {"metadata":{"emulator":{"name":"dataconnect"},"message":"E0730 13:35:38.346443   79122 load.go:23] Could not load config from \"/Users/mainawycliffe/projects/github-griller/dataconnect\": could not find dataconnect.yaml in `/Users/mainawycliffe/projects/github-griller/dataconnect`\n"}}
[debug] [2025-07-30T10:35:38.353Z] E0730 13:35:38.352843   79122 watch.go:76] watchAllDir unable to walk dir `/Users/mainawycliffe/projects/github-griller/dataconnect`: on path "/Users/mainawycliffe/projects/github-griller/dataconnect" (DirEntry: <nil>): lstat /Users/mainawycliffe/projects/github-griller/dataconnect: no such file or directory
 {"metadata":{"emulator":{"name":"dataconnect"},"message":"E0730 13:35:38.352843   79122 watch.go:76] watchAllDir unable to walk dir `/Users/mainawycliffe/projects/github-griller/dataconnect`: on path \"/Users/mainawycliffe/projects/github-griller/dataconnect\" (DirEntry: <nil>): lstat /Users/mainawycliffe/projects/github-griller/dataconnect: no such file or directory\n"}}
[debug] [2025-07-30T10:35:38.356Z] I0730 13:35:38.356109   79122 dev.go:95] Listening on address (HTTP + gRPC): 127.0.0.1:50001
 {"metadata":{"emulator":{"name":"dataconnect"},"message":"I0730 13:35:38.356109   79122 dev.go:95] Listening on address (HTTP + gRPC): 127.0.0.1:50001\n"}}
[error] [Firebase Plugin] error:  {}
[debug] [2025-07-30T10:35:38.785Z] <<< [apiv2][status] GET https://firebase.googleapis.com/v1beta1/projects 200
[debug] [2025-07-30T10:35:38.786Z] <<< [apiv2][body] GET https://firebase.googleapis.com/v1beta1/projects [omitted]
[debug] [2025-07-30T10:35:48.355Z] E0730 13:35:48.354612   79122 load.go:23] Could not load config from "/Users/mainawycliffe/projects/github-griller/dataconnect": could not find dataconnect.yaml in `/Users/mainawycliffe/projects/github-griller/dataconnect`
 {"metadata":{"emulator":{"name":"dataconnect"},"message":"E0730 13:35:48.354612   79122 load.go:23] Could not load config from \"/Users/mainawycliffe/projects/github-griller/dataconnect\": could not find dataconnect.yaml in `/Users/mainawycliffe/projects/github-griller/dataconnect`\n"}}
[info] [Firebase Plugin] Stopping Data Connect toolkit
[warn] ⚠  Data Connect Emulator has exited upon receiving signal: SIGINT 
[debug] [2025-07-30T10:36:01.089Z] [Firebase Plugin] Activating Firebase extension.
[info] [Firebase Plugin] Checked firebase-tools, is up to date!
[debug] [2025-07-30T10:36:03.667Z] [Firebase Plugin] requireAuthWrapper
[debug] [2025-07-30T10:36:03.668Z] > command requires scopes: ["email","openid","https://www.googleapis.com/auth/cloudplatformprojects.readonly","https://www.googleapis.com/auth/firebase","https://www.googleapis.com/auth/cloud-platform"]
[debug] [2025-07-30T10:36:03.668Z] > authorizing via signed-in user (wmmaina7@gmail.com)
[debug] [2025-07-30T10:36:03.670Z] Checked if tokens are valid: true, expires at: 1753874344678
[debug] [2025-07-30T10:36:03.670Z] Checked if tokens are valid: true, expires at: 1753874344678
[debug] [2025-07-30T10:36:03.670Z] [Firebase Plugin] User found:  wmmaina7@gmail.com
[info] [Firebase Plugin] (Core:Project) New user detected, fetching projects
[debug] [2025-07-30T10:36:03.670Z] Checked if tokens are valid: true, expires at: 1753874344678
[debug] [2025-07-30T10:36:03.671Z] >>> [apiv2][query] GET https://firebase.googleapis.com/v1beta1/projects pageSize=1000
[debug] [2025-07-30T10:36:03.675Z] [Firebase Plugin] VSCode notification server listening on port 40001
[info] [Firebase Plugin] Starting Data Connect toolkit (version 2.10.1) on port 50001
[debug] [2025-07-30T10:36:04.051Z] 'fdc build' failed with error: Unable to build your Data Connect schema and connectors (exit code 1): E0730 13:36:04.045558   80255 cmd.go:43] Error loading data connect config: could not find dataconnect.yaml in `/Users/mainawycliffe/projects/github-griller/dataconnect`
 {"metadata":{"emulator":{"name":"dataconnect"},"message":"'fdc build' failed with error: Unable to build your Data Connect schema and connectors (exit code 1): E0730 13:36:04.045558   80255 cmd.go:43] Error loading data connect config: could not find dataconnect.yaml in `/Users/mainawycliffe/projects/github-griller/dataconnect`\n"}}
[debug] [2025-07-30T10:36:04.051Z] Ignoring unsupported arg: auto_download {"metadata":{"emulator":{"name":"dataconnect"},"message":"Ignoring unsupported arg: auto_download"}}
[debug] [2025-07-30T10:36:04.051Z] Ignoring unsupported arg: port {"metadata":{"emulator":{"name":"dataconnect"},"message":"Ignoring unsupported arg: port"}}
[debug] [2025-07-30T10:36:04.051Z] Starting Data Connect Emulator with command {"binary":"/Users/mainawycliffe/.cache/firebase/emulators/dataconnect-emulator-2.10.1","args":["--logtostderr","-v=2","dev","--listen=localhost:50001","--config_dir=/Users/mainawycliffe/projects/github-griller/dataconnect","--enable_output_schema_extensions=true","--enable_output_generated_sdk=true"],"optionalArgs":["listen","config_dir","enable_output_schema_extensions","enable_output_generated_sdk"],"joinArgs":true,"shell":false,"port":9399} {"metadata":{"emulator":{"name":"dataconnect"},"message":"Starting Data Connect Emulator with command {\"binary\":\"/Users/mainawycliffe/.cache/firebase/emulators/dataconnect-emulator-2.10.1\",\"args\":[\"--logtostderr\",\"-v=2\",\"dev\",\"--listen=localhost:50001\",\"--config_dir=/Users/mainawycliffe/projects/github-griller/dataconnect\",\"--enable_output_schema_extensions=true\",\"--enable_output_generated_sdk=true\"],\"optionalArgs\":[\"listen\",\"config_dir\",\"enable_output_schema_extensions\",\"enable_output_generated_sdk\"],\"joinArgs\":true,\"shell\":false,\"port\":9399}"}}
[info] i  dataconnect: Data Connect Emulator logging to dataconnect-debug.log {"metadata":{"emulator":{"name":"dataconnect"},"message":"Data Connect Emulator logging to dataconnect-debug.log"}}
[debug] [2025-07-30T10:36:04.270Z] E0730 13:36:04.268531   80256 load.go:23] Could not load config from "/Users/mainawycliffe/projects/github-griller/dataconnect": could not find dataconnect.yaml in `/Users/mainawycliffe/projects/github-griller/dataconnect`
 {"metadata":{"emulator":{"name":"dataconnect"},"message":"E0730 13:36:04.268531   80256 load.go:23] Could not load config from \"/Users/mainawycliffe/projects/github-griller/dataconnect\": could not find dataconnect.yaml in `/Users/mainawycliffe/projects/github-griller/dataconnect`\n"}}
[debug] [2025-07-30T10:36:04.274Z] E0730 13:36:04.274055   80256 watch.go:76] watchAllDir unable to walk dir `/Users/mainawycliffe/projects/github-griller/dataconnect`: on path "/Users/mainawycliffe/projects/github-griller/dataconnect" (DirEntry: <nil>): lstat /Users/mainawycliffe/projects/github-griller/dataconnect: no such file or directory
 {"metadata":{"emulator":{"name":"dataconnect"},"message":"E0730 13:36:04.274055   80256 watch.go:76] watchAllDir unable to walk dir `/Users/mainawycliffe/projects/github-griller/dataconnect`: on path \"/Users/mainawycliffe/projects/github-griller/dataconnect\" (DirEntry: <nil>): lstat /Users/mainawycliffe/projects/github-griller/dataconnect: no such file or directory\n"}}
[debug] [2025-07-30T10:36:04.277Z] I0730 13:36:04.276918   80256 dev.go:95] Listening on address (HTTP + gRPC): 127.0.0.1:50001
 {"metadata":{"emulator":{"name":"dataconnect"},"message":"I0730 13:36:04.276918   80256 dev.go:95] Listening on address (HTTP + gRPC): 127.0.0.1:50001\n"}}
[error] [Firebase Plugin] error:  {}
[debug] [2025-07-30T10:36:04.700Z] <<< [apiv2][status] GET https://firebase.googleapis.com/v1beta1/projects 200
[debug] [2025-07-30T10:36:04.701Z] <<< [apiv2][body] GET https://firebase.googleapis.com/v1beta1/projects [omitted]
[debug] [2025-07-30T10:36:14.290Z] E0730 13:36:14.275236   80256 load.go:23] Could not load config from "/Users/mainawycliffe/projects/github-griller/dataconnect": could not find dataconnect.yaml in `/Users/mainawycliffe/projects/github-griller/dataconnect`
 {"metadata":{"emulator":{"name":"dataconnect"},"message":"E0730 13:36:14.275236   80256 load.go:23] Could not load config from \"/Users/mainawycliffe/projects/github-griller/dataconnect\": could not find dataconnect.yaml in `/Users/mainawycliffe/projects/github-griller/dataconnect`\n"}}
[debug] [2025-07-30T10:36:24.275Z] E0730 13:36:24.275131   80256 load.go:23] Could not load config from "/Users/mainawycliffe/projects/github-griller/dataconnect": could not find dataconnect.yaml in `/Users/mainawycliffe/projects/github-griller/dataconnect`
 {"metadata":{"emulator":{"name":"dataconnect"},"message":"E0730 13:36:24.275131   80256 load.go:23] Could not load config from \"/Users/mainawycliffe/projects/github-griller/dataconnect\": could not find dataconnect.yaml in `/Users/mainawycliffe/projects/github-griller/dataconnect`\n"}}
[debug] [2025-07-30T10:36:34.276Z] E0730 13:36:34.275943   80256 load.go:23] Could not load config from "/Users/mainawycliffe/projects/github-griller/dataconnect": could not find dataconnect.yaml in `/Users/mainawycliffe/projects/github-griller/dataconnect`
 {"metadata":{"emulator":{"name":"dataconnect"},"message":"E0730 13:36:34.275943   80256 load.go:23] Could not load config from \"/Users/mainawycliffe/projects/github-griller/dataconnect\": could not find dataconnect.yaml in `/Users/mainawycliffe/projects/github-griller/dataconnect`\n"}}
[debug] [2025-07-30T10:36:44.275Z] E0730 13:36:44.275564   80256 load.go:23] Could not load config from "/Users/mainawycliffe/projects/github-griller/dataconnect": could not find dataconnect.yaml in `/Users/mainawycliffe/projects/github-griller/dataconnect`
 {"metadata":{"emulator":{"name":"dataconnect"},"message":"E0730 13:36:44.275564   80256 load.go:23] Could not load config from \"/Users/mainawycliffe/projects/github-griller/dataconnect\": could not find dataconnect.yaml in `/Users/mainawycliffe/projects/github-griller/dataconnect`\n"}}
[debug] [2025-07-30T10:36:54.275Z] E0730 13:36:54.274826   80256 load.go:23] Could not load config from "/Users/mainawycliffe/projects/github-griller/dataconnect": could not find dataconnect.yaml in `/Users/mainawycliffe/projects/github-griller/dataconnect`
 {"metadata":{"emulator":{"name":"dataconnect"},"message":"E0730 13:36:54.274826   80256 load.go:23] Could not load config from \"/Users/mainawycliffe/projects/github-griller/dataconnect\": could not find dataconnect.yaml in `/Users/mainawycliffe/projects/github-griller/dataconnect`\n"}}
[debug] [2025-07-30T10:37:04.275Z] E0730 13:37:04.275431   80256 load.go:23] Could not load config from "/Users/mainawycliffe/projects/github-griller/dataconnect": could not find dataconnect.yaml in `/Users/mainawycliffe/projects/github-griller/dataconnect`
 {"metadata":{"emulator":{"name":"dataconnect"},"message":"E0730 13:37:04.275431   80256 load.go:23] Could not load config from \"/Users/mainawycliffe/projects/github-griller/dataconnect\": could not find dataconnect.yaml in `/Users/mainawycliffe/projects/github-griller/dataconnect`\n"}}
[debug] [2025-07-30T10:37:14.276Z] E0730 13:37:14.275883   80256 load.go:23] Could not load config from "/Users/mainawycliffe/projects/github-griller/dataconnect": could not find dataconnect.yaml in `/Users/mainawycliffe/projects/github-griller/dataconnect`
 {"metadata":{"emulator":{"name":"dataconnect"},"message":"E0730 13:37:14.275883   80256 load.go:23] Could not load config from \"/Users/mainawycliffe/projects/github-griller/dataconnect\": could not find dataconnect.yaml in `/Users/mainawycliffe/projects/github-griller/dataconnect`\n"}}
[debug] [2025-07-30T10:37:24.274Z] E0730 13:37:24.274656   80256 load.go:23] Could not load config from "/Users/mainawycliffe/projects/github-griller/dataconnect": could not find dataconnect.yaml in `/Users/mainawycliffe/projects/github-griller/dataconnect`
 {"metadata":{"emulator":{"name":"dataconnect"},"message":"E0730 13:37:24.274656   80256 load.go:23] Could not load config from \"/Users/mainawycliffe/projects/github-griller/dataconnect\": could not find dataconnect.yaml in `/Users/mainawycliffe/projects/github-griller/dataconnect`\n"}}
[debug] [2025-07-30T10:37:34.275Z] E0730 13:37:34.275237   80256 load.go:23] Could not load config from "/Users/mainawycliffe/projects/github-griller/dataconnect": could not find dataconnect.yaml in `/Users/mainawycliffe/projects/github-griller/dataconnect`
 {"metadata":{"emulator":{"name":"dataconnect"},"message":"E0730 13:37:34.275237   80256 load.go:23] Could not load config from \"/Users/mainawycliffe/projects/github-griller/dataconnect\": could not find dataconnect.yaml in `/Users/mainawycliffe/projects/github-griller/dataconnect`\n"}}
[debug] [2025-07-30T10:37:44.275Z] E0730 13:37:44.274762   80256 load.go:23] Could not load config from "/Users/mainawycliffe/projects/github-griller/dataconnect": could not find dataconnect.yaml in `/Users/mainawycliffe/projects/github-griller/dataconnect`
 {"metadata":{"emulator":{"name":"dataconnect"},"message":"E0730 13:37:44.274762   80256 load.go:23] Could not load config from \"/Users/mainawycliffe/projects/github-griller/dataconnect\": could not find dataconnect.yaml in `/Users/mainawycliffe/projects/github-griller/dataconnect`\n"}}
[debug] [2025-07-30T10:37:54.275Z] E0730 13:37:54.275440   80256 load.go:23] Could not load config from "/Users/mainawycliffe/projects/github-griller/dataconnect": could not find dataconnect.yaml in `/Users/mainawycliffe/projects/github-griller/dataconnect`
 {"metadata":{"emulator":{"name":"dataconnect"},"message":"E0730 13:37:54.275440   80256 load.go:23] Could not load config from \"/Users/mainawycliffe/projects/github-griller/dataconnect\": could not find dataconnect.yaml in `/Users/mainawycliffe/projects/github-griller/dataconnect`\n"}}
[debug] [2025-07-30T10:38:04.274Z] E0730 13:38:04.274612   80256 load.go:23] Could not load config from "/Users/mainawycliffe/projects/github-griller/dataconnect": could not find dataconnect.yaml in `/Users/mainawycliffe/projects/github-griller/dataconnect`
E0730 13:38:04.274712   80256 watch.go:76] watchAllDir unable to walk dir `/Users/mainawycliffe/projects/github-griller/dataconnect`: on path "/Users/mainawycliffe/projects/github-griller/dataconnect" (DirEntry: <nil>): lstat /Users/mainawycliffe/projects/github-griller/dataconnect: no such file or directory
 {"metadata":{"emulator":{"name":"dataconnect"},"message":"E0730 13:38:04.274612   80256 load.go:23] Could not load config from \"/Users/mainawycliffe/projects/github-griller/dataconnect\": could not find dataconnect.yaml in `/Users/mainawycliffe/projects/github-griller/dataconnect`\nE0730 13:38:04.274712   80256 watch.go:76] watchAllDir unable to walk dir `/Users/mainawycliffe/projects/github-griller/dataconnect`: on path \"/Users/mainawycliffe/projects/github-griller/dataconnect\" (DirEntry: <nil>): lstat /Users/mainawycliffe/projects/github-griller/dataconnect: no such file or directory\n"}}
[debug] [2025-07-30T10:38:14.280Z] E0730 13:38:14.279282   80256 load.go:23] Could not load config from "/Users/mainawycliffe/projects/github-griller/dataconnect": could not find dataconnect.yaml in `/Users/mainawycliffe/projects/github-griller/dataconnect`
 {"metadata":{"emulator":{"name":"dataconnect"},"message":"E0730 13:38:14.279282   80256 load.go:23] Could not load config from \"/Users/mainawycliffe/projects/github-griller/dataconnect\": could not find dataconnect.yaml in `/Users/mainawycliffe/projects/github-griller/dataconnect`\n"}}
[debug] [2025-07-30T10:38:24.275Z] E0730 13:38:24.275358   80256 load.go:23] Could not load config from "/Users/mainawycliffe/projects/github-griller/dataconnect": could not find dataconnect.yaml in `/Users/mainawycliffe/projects/github-griller/dataconnect`
 {"metadata":{"emulator":{"name":"dataconnect"},"message":"E0730 13:38:24.275358   80256 load.go:23] Could not load config from \"/Users/mainawycliffe/projects/github-griller/dataconnect\": could not find dataconnect.yaml in `/Users/mainawycliffe/projects/github-griller/dataconnect`\n"}}
[debug] [2025-07-30T10:38:34.275Z] E0730 13:38:34.275315   80256 load.go:23] Could not load config from "/Users/mainawycliffe/projects/github-griller/dataconnect": could not find dataconnect.yaml in `/Users/mainawycliffe/projects/github-griller/dataconnect`
 {"metadata":{"emulator":{"name":"dataconnect"},"message":"E0730 13:38:34.275315   80256 load.go:23] Could not load config from \"/Users/mainawycliffe/projects/github-griller/dataconnect\": could not find dataconnect.yaml in `/Users/mainawycliffe/projects/github-griller/dataconnect`\n"}}
[debug] [2025-07-30T10:38:44.276Z] E0730 13:38:44.275397   80256 load.go:23] Could not load config from "/Users/mainawycliffe/projects/github-griller/dataconnect": could not find dataconnect.yaml in `/Users/mainawycliffe/projects/github-griller/dataconnect`
 {"metadata":{"emulator":{"name":"dataconnect"},"message":"E0730 13:38:44.275397   80256 load.go:23] Could not load config from \"/Users/mainawycliffe/projects/github-griller/dataconnect\": could not find dataconnect.yaml in `/Users/mainawycliffe/projects/github-griller/dataconnect`\n"}}
[debug] [2025-07-30T10:38:54.275Z] E0730 13:38:54.275219   80256 load.go:23] Could not load config from "/Users/mainawycliffe/projects/github-griller/dataconnect": could not find dataconnect.yaml in `/Users/mainawycliffe/projects/github-griller/dataconnect`
 {"metadata":{"emulator":{"name":"dataconnect"},"message":"E0730 13:38:54.275219   80256 load.go:23] Could not load config from \"/Users/mainawycliffe/projects/github-griller/dataconnect\": could not find dataconnect.yaml in `/Users/mainawycliffe/projects/github-griller/dataconnect`\n"}}
[debug] [2025-07-30T10:39:04.275Z] E0730 13:39:04.275424   80256 load.go:23] Could not load config from "/Users/mainawycliffe/projects/github-griller/dataconnect": could not find dataconnect.yaml in `/Users/mainawycliffe/projects/github-griller/dataconnect`
 {"metadata":{"emulator":{"name":"dataconnect"},"message":"E0730 13:39:04.275424   80256 load.go:23] Could not load config from \"/Users/mainawycliffe/projects/github-griller/dataconnect\": could not find dataconnect.yaml in `/Users/mainawycliffe/projects/github-griller/dataconnect`\n"}}
[debug] [2025-07-30T10:39:14.275Z] E0730 13:39:14.274924   80256 load.go:23] Could not load config from "/Users/mainawycliffe/projects/github-griller/dataconnect": could not find dataconnect.yaml in `/Users/mainawycliffe/projects/github-griller/dataconnect`
 {"metadata":{"emulator":{"name":"dataconnect"},"message":"E0730 13:39:14.274924   80256 load.go:23] Could not load config from \"/Users/mainawycliffe/projects/github-griller/dataconnect\": could not find dataconnect.yaml in `/Users/mainawycliffe/projects/github-griller/dataconnect`\n"}}
[debug] [2025-07-30T10:39:24.275Z] E0730 13:39:24.274769   80256 load.go:23] Could not load config from "/Users/mainawycliffe/projects/github-griller/dataconnect": could not find dataconnect.yaml in `/Users/mainawycliffe/projects/github-griller/dataconnect`
 {"metadata":{"emulator":{"name":"dataconnect"},"message":"E0730 13:39:24.274769   80256 load.go:23] Could not load config from \"/Users/mainawycliffe/projects/github-griller/dataconnect\": could not find dataconnect.yaml in `/Users/mainawycliffe/projects/github-griller/dataconnect`\n"}}
[debug] [2025-07-30T10:39:34.275Z] E0730 13:39:34.274874   80256 load.go:23] Could not load config from "/Users/mainawycliffe/projects/github-griller/dataconnect": could not find dataconnect.yaml in `/Users/mainawycliffe/projects/github-griller/dataconnect`
 {"metadata":{"emulator":{"name":"dataconnect"},"message":"E0730 13:39:34.274874   80256 load.go:23] Could not load config from \"/Users/mainawycliffe/projects/github-griller/dataconnect\": could not find dataconnect.yaml in `/Users/mainawycliffe/projects/github-griller/dataconnect`\n"}}
[debug] [2025-07-30T10:39:44.275Z] E0730 13:39:44.274997   80256 load.go:23] Could not load config from "/Users/mainawycliffe/projects/github-griller/dataconnect": could not find dataconnect.yaml in `/Users/mainawycliffe/projects/github-griller/dataconnect`
 {"metadata":{"emulator":{"name":"dataconnect"},"message":"E0730 13:39:44.274997   80256 load.go:23] Could not load config from \"/Users/mainawycliffe/projects/github-griller/dataconnect\": could not find dataconnect.yaml in `/Users/mainawycliffe/projects/github-griller/dataconnect`\n"}}
[debug] [2025-07-30T10:39:54.280Z] E0730 13:39:54.280078   80256 load.go:23] Could not load config from "/Users/mainawycliffe/projects/github-griller/dataconnect": could not find dataconnect.yaml in `/Users/mainawycliffe/projects/github-griller/dataconnect`
 {"metadata":{"emulator":{"name":"dataconnect"},"message":"E0730 13:39:54.280078   80256 load.go:23] Could not load config from \"/Users/mainawycliffe/projects/github-griller/dataconnect\": could not find dataconnect.yaml in `/Users/mainawycliffe/projects/github-griller/dataconnect`\n"}}
[debug] [2025-07-30T10:40:04.275Z] E0730 13:40:04.275392   80256 load.go:23] Could not load config from "/Users/mainawycliffe/projects/github-griller/dataconnect": could not find dataconnect.yaml in `/Users/mainawycliffe/projects/github-griller/dataconnect`
 {"metadata":{"emulator":{"name":"dataconnect"},"message":"E0730 13:40:04.275392   80256 load.go:23] Could not load config from \"/Users/mainawycliffe/projects/github-griller/dataconnect\": could not find dataconnect.yaml in `/Users/mainawycliffe/projects/github-griller/dataconnect`\n"}}
[debug] [2025-07-30T10:40:04.277Z] E0730 13:40:04.276040   80256 watch.go:76] watchAllDir unable to walk dir `/Users/mainawycliffe/projects/github-griller/dataconnect`: on path "/Users/mainawycliffe/projects/github-griller/dataconnect" (DirEntry: <nil>): lstat /Users/mainawycliffe/projects/github-griller/dataconnect: no such file or directory
 {"metadata":{"emulator":{"name":"dataconnect"},"message":"E0730 13:40:04.276040   80256 watch.go:76] watchAllDir unable to walk dir `/Users/mainawycliffe/projects/github-griller/dataconnect`: on path \"/Users/mainawycliffe/projects/github-griller/dataconnect\" (DirEntry: <nil>): lstat /Users/mainawycliffe/projects/github-griller/dataconnect: no such file or directory\n"}}
[debug] [2025-07-30T10:40:14.274Z] E0730 13:40:14.274380   80256 load.go:23] Could not load config from "/Users/mainawycliffe/projects/github-griller/dataconnect": could not find dataconnect.yaml in `/Users/mainawycliffe/projects/github-griller/dataconnect`
 {"metadata":{"emulator":{"name":"dataconnect"},"message":"E0730 13:40:14.274380   80256 load.go:23] Could not load config from \"/Users/mainawycliffe/projects/github-griller/dataconnect\": could not find dataconnect.yaml in `/Users/mainawycliffe/projects/github-griller/dataconnect`\n"}}
[debug] [2025-07-30T10:40:24.277Z] E0730 13:40:24.275741   80256 load.go:23] Could not load config from "/Users/mainawycliffe/projects/github-griller/dataconnect": could not find dataconnect.yaml in `/Users/mainawycliffe/projects/github-griller/dataconnect`
 {"metadata":{"emulator":{"name":"dataconnect"},"message":"E0730 13:40:24.275741   80256 load.go:23] Could not load config from \"/Users/mainawycliffe/projects/github-griller/dataconnect\": could not find dataconnect.yaml in `/Users/mainawycliffe/projects/github-griller/dataconnect`\n"}}
[debug] [2025-07-30T10:40:34.276Z] E0730 13:40:34.275209   80256 load.go:23] Could not load config from "/Users/mainawycliffe/projects/github-griller/dataconnect": could not find dataconnect.yaml in `/Users/mainawycliffe/projects/github-griller/dataconnect`
 {"metadata":{"emulator":{"name":"dataconnect"},"message":"E0730 13:40:34.275209   80256 load.go:23] Could not load config from \"/Users/mainawycliffe/projects/github-griller/dataconnect\": could not find dataconnect.yaml in `/Users/mainawycliffe/projects/github-griller/dataconnect`\n"}}
[debug] [2025-07-30T10:40:44.275Z] E0730 13:40:44.275463   80256 load.go:23] Could not load config from "/Users/mainawycliffe/projects/github-griller/dataconnect": could not find dataconnect.yaml in `/Users/mainawycliffe/projects/github-griller/dataconnect`
 {"metadata":{"emulator":{"name":"dataconnect"},"message":"E0730 13:40:44.275463   80256 load.go:23] Could not load config from \"/Users/mainawycliffe/projects/github-griller/dataconnect\": could not find dataconnect.yaml in `/Users/mainawycliffe/projects/github-griller/dataconnect`\n"}}
[debug] [2025-07-30T10:40:54.275Z] E0730 13:40:54.275047   80256 load.go:23] Could not load config from "/Users/mainawycliffe/projects/github-griller/dataconnect": could not find dataconnect.yaml in `/Users/mainawycliffe/projects/github-griller/dataconnect`
 {"metadata":{"emulator":{"name":"dataconnect"},"message":"E0730 13:40:54.275047   80256 load.go:23] Could not load config from \"/Users/mainawycliffe/projects/github-griller/dataconnect\": could not find dataconnect.yaml in `/Users/mainawycliffe/projects/github-griller/dataconnect`\n"}}
[debug] [2025-07-30T10:41:04.275Z] E0730 13:41:04.274871   80256 load.go:23] Could not load config from "/Users/mainawycliffe/projects/github-griller/dataconnect": could not find dataconnect.yaml in `/Users/mainawycliffe/projects/github-griller/dataconnect`
 {"metadata":{"emulator":{"name":"dataconnect"},"message":"E0730 13:41:04.274871   80256 load.go:23] Could not load config from \"/Users/mainawycliffe/projects/github-griller/dataconnect\": could not find dataconnect.yaml in `/Users/mainawycliffe/projects/github-griller/dataconnect`\n"}}
[debug] [2025-07-30T10:41:14.275Z] E0730 13:41:14.275418   80256 load.go:23] Could not load config from "/Users/mainawycliffe/projects/github-griller/dataconnect": could not find dataconnect.yaml in `/Users/mainawycliffe/projects/github-griller/dataconnect`
 {"metadata":{"emulator":{"name":"dataconnect"},"message":"E0730 13:41:14.275418   80256 load.go:23] Could not load config from \"/Users/mainawycliffe/projects/github-griller/dataconnect\": could not find dataconnect.yaml in `/Users/mainawycliffe/projects/github-griller/dataconnect`\n"}}
[debug] [2025-07-30T10:41:24.276Z] E0730 13:41:24.275523   80256 load.go:23] Could not load config from "/Users/mainawycliffe/projects/github-griller/dataconnect": could not find dataconnect.yaml in `/Users/mainawycliffe/projects/github-griller/dataconnect`
 {"metadata":{"emulator":{"name":"dataconnect"},"message":"E0730 13:41:24.275523   80256 load.go:23] Could not load config from \"/Users/mainawycliffe/projects/github-griller/dataconnect\": could not find dataconnect.yaml in `/Users/mainawycliffe/projects/github-griller/dataconnect`\n"}}
[debug] [2025-07-30T10:41:34.275Z] E0730 13:41:34.275042   80256 load.go:23] Could not load config from "/Users/mainawycliffe/projects/github-griller/dataconnect": could not find dataconnect.yaml in `/Users/mainawycliffe/projects/github-griller/dataconnect`
 {"metadata":{"emulator":{"name":"dataconnect"},"message":"E0730 13:41:34.275042   80256 load.go:23] Could not load config from \"/Users/mainawycliffe/projects/github-griller/dataconnect\": could not find dataconnect.yaml in `/Users/mainawycliffe/projects/github-griller/dataconnect`\n"}}
[debug] [2025-07-30T10:41:44.275Z] E0730 13:41:44.275272   80256 load.go:23] Could not load config from "/Users/mainawycliffe/projects/github-griller/dataconnect": could not find dataconnect.yaml in `/Users/mainawycliffe/projects/github-griller/dataconnect`
 {"metadata":{"emulator":{"name":"dataconnect"},"message":"E0730 13:41:44.275272   80256 load.go:23] Could not load config from \"/Users/mainawycliffe/projects/github-griller/dataconnect\": could not find dataconnect.yaml in `/Users/mainawycliffe/projects/github-griller/dataconnect`\n"}}
[debug] [2025-07-30T10:41:54.275Z] E0730 13:41:54.275285   80256 load.go:23] Could not load config from "/Users/mainawycliffe/projects/github-griller/dataconnect": could not find dataconnect.yaml in `/Users/mainawycliffe/projects/github-griller/dataconnect`
 {"metadata":{"emulator":{"name":"dataconnect"},"message":"E0730 13:41:54.275285   80256 load.go:23] Could not load config from \"/Users/mainawycliffe/projects/github-griller/dataconnect\": could not find dataconnect.yaml in `/Users/mainawycliffe/projects/github-griller/dataconnect`\n"}}
[debug] [2025-07-30T10:42:04.275Z] E0730 13:42:04.274880   80256 load.go:23] Could not load config from "/Users/mainawycliffe/projects/github-griller/dataconnect": could not find dataconnect.yaml in `/Users/mainawycliffe/projects/github-griller/dataconnect`
E0730 13:42:04.275098   80256 watch.go:76] watchAllDir unable to walk dir `/Users/mainawycliffe/projects/github-griller/dataconnect`: on path "/Users/mainawycliffe/projects/github-griller/dataconnect" (DirEntry: <nil>): lstat /Users/mainawycliffe/projects/github-griller/dataconnect: no such file or directory
 {"metadata":{"emulator":{"name":"dataconnect"},"message":"E0730 13:42:04.274880   80256 load.go:23] Could not load config from \"/Users/mainawycliffe/projects/github-griller/dataconnect\": could not find dataconnect.yaml in `/Users/mainawycliffe/projects/github-griller/dataconnect`\nE0730 13:42:04.275098   80256 watch.go:76] watchAllDir unable to walk dir `/Users/mainawycliffe/projects/github-griller/dataconnect`: on path \"/Users/mainawycliffe/projects/github-griller/dataconnect\" (DirEntry: <nil>): lstat /Users/mainawycliffe/projects/github-griller/dataconnect: no such file or directory\n"}}
[debug] [2025-07-30T10:42:14.274Z] E0730 13:42:14.274456   80256 load.go:23] Could not load config from "/Users/mainawycliffe/projects/github-griller/dataconnect": could not find dataconnect.yaml in `/Users/mainawycliffe/projects/github-griller/dataconnect`
 {"metadata":{"emulator":{"name":"dataconnect"},"message":"E0730 13:42:14.274456   80256 load.go:23] Could not load config from \"/Users/mainawycliffe/projects/github-griller/dataconnect\": could not find dataconnect.yaml in `/Users/mainawycliffe/projects/github-griller/dataconnect`\n"}}
[debug] [2025-07-30T10:42:24.275Z] E0730 13:42:24.274928   80256 load.go:23] Could not load config from "/Users/mainawycliffe/projects/github-griller/dataconnect": could not find dataconnect.yaml in `/Users/mainawycliffe/projects/github-griller/dataconnect`
 {"metadata":{"emulator":{"name":"dataconnect"},"message":"E0730 13:42:24.274928   80256 load.go:23] Could not load config from \"/Users/mainawycliffe/projects/github-griller/dataconnect\": could not find dataconnect.yaml in `/Users/mainawycliffe/projects/github-griller/dataconnect`\n"}}
[debug] [2025-07-30T10:42:34.276Z] E0730 13:42:34.275534   80256 load.go:23] Could not load config from "/Users/mainawycliffe/projects/github-griller/dataconnect": could not find dataconnect.yaml in `/Users/mainawycliffe/projects/github-griller/dataconnect`
 {"metadata":{"emulator":{"name":"dataconnect"},"message":"E0730 13:42:34.275534   80256 load.go:23] Could not load config from \"/Users/mainawycliffe/projects/github-griller/dataconnect\": could not find dataconnect.yaml in `/Users/mainawycliffe/projects/github-griller/dataconnect`\n"}}
[debug] [2025-07-30T10:42:44.275Z] E0730 13:42:44.274828   80256 load.go:23] Could not load config from "/Users/mainawycliffe/projects/github-griller/dataconnect": could not find dataconnect.yaml in `/Users/mainawycliffe/projects/github-griller/dataconnect`
 {"metadata":{"emulator":{"name":"dataconnect"},"message":"E0730 13:42:44.274828   80256 load.go:23] Could not load config from \"/Users/mainawycliffe/projects/github-griller/dataconnect\": could not find dataconnect.yaml in `/Users/mainawycliffe/projects/github-griller/dataconnect`\n"}}
[debug] [2025-07-30T10:42:54.275Z] E0730 13:42:54.275019   80256 load.go:23] Could not load config from "/Users/mainawycliffe/projects/github-griller/dataconnect": could not find dataconnect.yaml in `/Users/mainawycliffe/projects/github-griller/dataconnect`
 {"metadata":{"emulator":{"name":"dataconnect"},"message":"E0730 13:42:54.275019   80256 load.go:23] Could not load config from \"/Users/mainawycliffe/projects/github-griller/dataconnect\": could not find dataconnect.yaml in `/Users/mainawycliffe/projects/github-griller/dataconnect`\n"}}
[debug] [2025-07-30T10:43:04.274Z] E0730 13:43:04.274081   80256 load.go:23] Could not load config from "/Users/mainawycliffe/projects/github-griller/dataconnect": could not find dataconnect.yaml in `/Users/mainawycliffe/projects/github-griller/dataconnect`
 {"metadata":{"emulator":{"name":"dataconnect"},"message":"E0730 13:43:04.274081   80256 load.go:23] Could not load config from \"/Users/mainawycliffe/projects/github-griller/dataconnect\": could not find dataconnect.yaml in `/Users/mainawycliffe/projects/github-griller/dataconnect`\n"}}
[debug] [2025-07-30T10:43:14.275Z] E0730 13:43:14.274857   80256 load.go:23] Could not load config from "/Users/mainawycliffe/projects/github-griller/dataconnect": could not find dataconnect.yaml in `/Users/mainawycliffe/projects/github-griller/dataconnect`
 {"metadata":{"emulator":{"name":"dataconnect"},"message":"E0730 13:43:14.274857   80256 load.go:23] Could not load config from \"/Users/mainawycliffe/projects/github-griller/dataconnect\": could not find dataconnect.yaml in `/Users/mainawycliffe/projects/github-griller/dataconnect`\n"}}
[debug] [2025-07-30T10:43:24.274Z] E0730 13:43:24.274817   80256 load.go:23] Could not load config from "/Users/mainawycliffe/projects/github-griller/dataconnect": could not find dataconnect.yaml in `/Users/mainawycliffe/projects/github-griller/dataconnect`
 {"metadata":{"emulator":{"name":"dataconnect"},"message":"E0730 13:43:24.274817   80256 load.go:23] Could not load config from \"/Users/mainawycliffe/projects/github-griller/dataconnect\": could not find dataconnect.yaml in `/Users/mainawycliffe/projects/github-griller/dataconnect`\n"}}
[debug] [2025-07-30T10:43:34.275Z] E0730 13:43:34.275013   80256 load.go:23] Could not load config from "/Users/mainawycliffe/projects/github-griller/dataconnect": could not find dataconnect.yaml in `/Users/mainawycliffe/projects/github-griller/dataconnect`
 {"metadata":{"emulator":{"name":"dataconnect"},"message":"E0730 13:43:34.275013   80256 load.go:23] Could not load config from \"/Users/mainawycliffe/projects/github-griller/dataconnect\": could not find dataconnect.yaml in `/Users/mainawycliffe/projects/github-griller/dataconnect`\n"}}
[debug] [2025-07-30T10:43:44.274Z] E0730 13:43:44.274697   80256 load.go:23] Could not load config from "/Users/mainawycliffe/projects/github-griller/dataconnect": could not find dataconnect.yaml in `/Users/mainawycliffe/projects/github-griller/dataconnect`
 {"metadata":{"emulator":{"name":"dataconnect"},"message":"E0730 13:43:44.274697   80256 load.go:23] Could not load config from \"/Users/mainawycliffe/projects/github-griller/dataconnect\": could not find dataconnect.yaml in `/Users/mainawycliffe/projects/github-griller/dataconnect`\n"}}
[debug] [2025-07-30T10:43:54.274Z] E0730 13:43:54.274493   80256 load.go:23] Could not load config from "/Users/mainawycliffe/projects/github-griller/dataconnect": could not find dataconnect.yaml in `/Users/mainawycliffe/projects/github-griller/dataconnect`
 {"metadata":{"emulator":{"name":"dataconnect"},"message":"E0730 13:43:54.274493   80256 load.go:23] Could not load config from \"/Users/mainawycliffe/projects/github-griller/dataconnect\": could not find dataconnect.yaml in `/Users/mainawycliffe/projects/github-griller/dataconnect`\n"}}
[debug] [2025-07-30T10:44:04.274Z] E0730 13:44:04.274490   80256 load.go:23] Could not load config from "/Users/mainawycliffe/projects/github-griller/dataconnect": could not find dataconnect.yaml in `/Users/mainawycliffe/projects/github-griller/dataconnect`
E0730 13:44:04.274708   80256 watch.go:76] watchAllDir unable to walk dir `/Users/mainawycliffe/projects/github-griller/dataconnect`: on path "/Users/mainawycliffe/projects/github-griller/dataconnect" (DirEntry: <nil>): lstat /Users/mainawycliffe/projects/github-griller/dataconnect: no such file or directory
 {"metadata":{"emulator":{"name":"dataconnect"},"message":"E0730 13:44:04.274490   80256 load.go:23] Could not load config from \"/Users/mainawycliffe/projects/github-griller/dataconnect\": could not find dataconnect.yaml in `/Users/mainawycliffe/projects/github-griller/dataconnect`\nE0730 13:44:04.274708   80256 watch.go:76] watchAllDir unable to walk dir `/Users/mainawycliffe/projects/github-griller/dataconnect`: on path \"/Users/mainawycliffe/projects/github-griller/dataconnect\" (DirEntry: <nil>): lstat /Users/mainawycliffe/projects/github-griller/dataconnect: no such file or directory\n"}}
[debug] [2025-07-30T10:44:14.275Z] E0730 13:44:14.275483   80256 load.go:23] Could not load config from "/Users/mainawycliffe/projects/github-griller/dataconnect": could not find dataconnect.yaml in `/Users/mainawycliffe/projects/github-griller/dataconnect`
 {"metadata":{"emulator":{"name":"dataconnect"},"message":"E0730 13:44:14.275483   80256 load.go:23] Could not load config from \"/Users/mainawycliffe/projects/github-griller/dataconnect\": could not find dataconnect.yaml in `/Users/mainawycliffe/projects/github-griller/dataconnect`\n"}}
[debug] [2025-07-30T10:44:24.274Z] E0730 13:44:24.274423   80256 load.go:23] Could not load config from "/Users/mainawycliffe/projects/github-griller/dataconnect": could not find dataconnect.yaml in `/Users/mainawycliffe/projects/github-griller/dataconnect`
 {"metadata":{"emulator":{"name":"dataconnect"},"message":"E0730 13:44:24.274423   80256 load.go:23] Could not load config from \"/Users/mainawycliffe/projects/github-griller/dataconnect\": could not find dataconnect.yaml in `/Users/mainawycliffe/projects/github-griller/dataconnect`\n"}}
[debug] [2025-07-30T10:44:34.277Z] E0730 13:44:34.276867   80256 load.go:23] Could not load config from "/Users/mainawycliffe/projects/github-griller/dataconnect": could not find dataconnect.yaml in `/Users/mainawycliffe/projects/github-griller/dataconnect`
 {"metadata":{"emulator":{"name":"dataconnect"},"message":"E0730 13:44:34.276867   80256 load.go:23] Could not load config from \"/Users/mainawycliffe/projects/github-griller/dataconnect\": could not find dataconnect.yaml in `/Users/mainawycliffe/projects/github-griller/dataconnect`\n"}}
[debug] [2025-07-30T10:44:44.274Z] E0730 13:44:44.274407   80256 load.go:23] Could not load config from "/Users/mainawycliffe/projects/github-griller/dataconnect": could not find dataconnect.yaml in `/Users/mainawycliffe/projects/github-griller/dataconnect`
 {"metadata":{"emulator":{"name":"dataconnect"},"message":"E0730 13:44:44.274407   80256 load.go:23] Could not load config from \"/Users/mainawycliffe/projects/github-griller/dataconnect\": could not find dataconnect.yaml in `/Users/mainawycliffe/projects/github-griller/dataconnect`\n"}}
[debug] [2025-07-30T10:44:54.275Z] E0730 13:44:54.274848   80256 load.go:23] Could not load config from "/Users/mainawycliffe/projects/github-griller/dataconnect": could not find dataconnect.yaml in `/Users/mainawycliffe/projects/github-griller/dataconnect`
 {"metadata":{"emulator":{"name":"dataconnect"},"message":"E0730 13:44:54.274848   80256 load.go:23] Could not load config from \"/Users/mainawycliffe/projects/github-griller/dataconnect\": could not find dataconnect.yaml in `/Users/mainawycliffe/projects/github-griller/dataconnect`\n"}}
[debug] [2025-07-30T10:45:04.274Z] E0730 13:45:04.274709   80256 load.go:23] Could not load config from "/Users/mainawycliffe/projects/github-griller/dataconnect": could not find dataconnect.yaml in `/Users/mainawycliffe/projects/github-griller/dataconnect`
 {"metadata":{"emulator":{"name":"dataconnect"},"message":"E0730 13:45:04.274709   80256 load.go:23] Could not load config from \"/Users/mainawycliffe/projects/github-griller/dataconnect\": could not find dataconnect.yaml in `/Users/mainawycliffe/projects/github-griller/dataconnect`\n"}}
[debug] [2025-07-30T10:45:14.274Z] E0730 13:45:14.274042   80256 load.go:23] Could not load config from "/Users/mainawycliffe/projects/github-griller/dataconnect": could not find dataconnect.yaml in `/Users/mainawycliffe/projects/github-griller/dataconnect`
 {"metadata":{"emulator":{"name":"dataconnect"},"message":"E0730 13:45:14.274042   80256 load.go:23] Could not load config from \"/Users/mainawycliffe/projects/github-griller/dataconnect\": could not find dataconnect.yaml in `/Users/mainawycliffe/projects/github-griller/dataconnect`\n"}}
[debug] [2025-07-30T10:45:24.273Z] E0730 13:45:24.273691   80256 load.go:23] Could not load config from "/Users/mainawycliffe/projects/github-griller/dataconnect": could not find dataconnect.yaml in `/Users/mainawycliffe/projects/github-griller/dataconnect`
 {"metadata":{"emulator":{"name":"dataconnect"},"message":"E0730 13:45:24.273691   80256 load.go:23] Could not load config from \"/Users/mainawycliffe/projects/github-griller/dataconnect\": could not find dataconnect.yaml in `/Users/mainawycliffe/projects/github-griller/dataconnect`\n"}}
[debug] [2025-07-30T10:45:34.274Z] E0730 13:45:34.274711   80256 load.go:23] Could not load config from "/Users/mainawycliffe/projects/github-griller/dataconnect": could not find dataconnect.yaml in `/Users/mainawycliffe/projects/github-griller/dataconnect`
 {"metadata":{"emulator":{"name":"dataconnect"},"message":"E0730 13:45:34.274711   80256 load.go:23] Could not load config from \"/Users/mainawycliffe/projects/github-griller/dataconnect\": could not find dataconnect.yaml in `/Users/mainawycliffe/projects/github-griller/dataconnect`\n"}}
[debug] [2025-07-30T10:45:44.275Z] E0730 13:45:44.274499   80256 load.go:23] Could not load config from "/Users/mainawycliffe/projects/github-griller/dataconnect": could not find dataconnect.yaml in `/Users/mainawycliffe/projects/github-griller/dataconnect`
 {"metadata":{"emulator":{"name":"dataconnect"},"message":"E0730 13:45:44.274499   80256 load.go:23] Could not load config from \"/Users/mainawycliffe/projects/github-griller/dataconnect\": could not find dataconnect.yaml in `/Users/mainawycliffe/projects/github-griller/dataconnect`\n"}}
[debug] [2025-07-30T10:45:54.274Z] E0730 13:45:54.274239   80256 load.go:23] Could not load config from "/Users/mainawycliffe/projects/github-griller/dataconnect": could not find dataconnect.yaml in `/Users/mainawycliffe/projects/github-griller/dataconnect`
 {"metadata":{"emulator":{"name":"dataconnect"},"message":"E0730 13:45:54.274239   80256 load.go:23] Could not load config from \"/Users/mainawycliffe/projects/github-griller/dataconnect\": could not find dataconnect.yaml in `/Users/mainawycliffe/projects/github-griller/dataconnect`\n"}}
[debug] [2025-07-30T10:46:04.275Z] E0730 13:46:04.274924   80256 load.go:23] Could not load config from "/Users/mainawycliffe/projects/github-griller/dataconnect": could not find dataconnect.yaml in `/Users/mainawycliffe/projects/github-griller/dataconnect`
E0730 13:46:04.275055   80256 watch.go:76] watchAllDir unable to walk dir `/Users/mainawycliffe/projects/github-griller/dataconnect`: on path "/Users/mainawycliffe/projects/github-griller/dataconnect" (DirEntry: <nil>): lstat /Users/mainawycliffe/projects/github-griller/dataconnect: no such file or directory
 {"metadata":{"emulator":{"name":"dataconnect"},"message":"E0730 13:46:04.274924   80256 load.go:23] Could not load config from \"/Users/mainawycliffe/projects/github-griller/dataconnect\": could not find dataconnect.yaml in `/Users/mainawycliffe/projects/github-griller/dataconnect`\nE0730 13:46:04.275055   80256 watch.go:76] watchAllDir unable to walk dir `/Users/mainawycliffe/projects/github-griller/dataconnect`: on path \"/Users/mainawycliffe/projects/github-griller/dataconnect\" (DirEntry: <nil>): lstat /Users/mainawycliffe/projects/github-griller/dataconnect: no such file or directory\n"}}
[debug] [2025-07-30T10:46:14.274Z] E0730 13:46:14.274542   80256 load.go:23] Could not load config from "/Users/mainawycliffe/projects/github-griller/dataconnect": could not find dataconnect.yaml in `/Users/mainawycliffe/projects/github-griller/dataconnect`
 {"metadata":{"emulator":{"name":"dataconnect"},"message":"E0730 13:46:14.274542   80256 load.go:23] Could not load config from \"/Users/mainawycliffe/projects/github-griller/dataconnect\": could not find dataconnect.yaml in `/Users/mainawycliffe/projects/github-griller/dataconnect`\n"}}
[debug] [2025-07-30T10:46:24.275Z] E0730 13:46:24.274855   80256 load.go:23] Could not load config from "/Users/mainawycliffe/projects/github-griller/dataconnect": could not find dataconnect.yaml in `/Users/mainawycliffe/projects/github-griller/dataconnect`
 {"metadata":{"emulator":{"name":"dataconnect"},"message":"E0730 13:46:24.274855   80256 load.go:23] Could not load config from \"/Users/mainawycliffe/projects/github-griller/dataconnect\": could not find dataconnect.yaml in `/Users/mainawycliffe/projects/github-griller/dataconnect`\n"}}
[debug] [2025-07-30T10:46:34.275Z] E0730 13:46:34.275119   80256 load.go:23] Could not load config from "/Users/mainawycliffe/projects/github-griller/dataconnect": could not find dataconnect.yaml in `/Users/mainawycliffe/projects/github-griller/dataconnect`
 {"metadata":{"emulator":{"name":"dataconnect"},"message":"E0730 13:46:34.275119   80256 load.go:23] Could not load config from \"/Users/mainawycliffe/projects/github-griller/dataconnect\": could not find dataconnect.yaml in `/Users/mainawycliffe/projects/github-griller/dataconnect`\n"}}
[debug] [2025-07-30T10:46:44.276Z] E0730 13:46:44.274484   80256 load.go:23] Could not load config from "/Users/mainawycliffe/projects/github-griller/dataconnect": could not find dataconnect.yaml in `/Users/mainawycliffe/projects/github-griller/dataconnect`
 {"metadata":{"emulator":{"name":"dataconnect"},"message":"E0730 13:46:44.274484   80256 load.go:23] Could not load config from \"/Users/mainawycliffe/projects/github-griller/dataconnect\": could not find dataconnect.yaml in `/Users/mainawycliffe/projects/github-griller/dataconnect`\n"}}
[debug] [2025-07-30T10:46:54.274Z] E0730 13:46:54.274500   80256 load.go:23] Could not load config from "/Users/mainawycliffe/projects/github-griller/dataconnect": could not find dataconnect.yaml in `/Users/mainawycliffe/projects/github-griller/dataconnect`
 {"metadata":{"emulator":{"name":"dataconnect"},"message":"E0730 13:46:54.274500   80256 load.go:23] Could not load config from \"/Users/mainawycliffe/projects/github-griller/dataconnect\": could not find dataconnect.yaml in `/Users/mainawycliffe/projects/github-griller/dataconnect`\n"}}
[debug] [2025-07-30T10:47:04.275Z] E0730 13:47:04.274530   80256 load.go:23] Could not load config from "/Users/mainawycliffe/projects/github-griller/dataconnect": could not find dataconnect.yaml in `/Users/mainawycliffe/projects/github-griller/dataconnect`
 {"metadata":{"emulator":{"name":"dataconnect"},"message":"E0730 13:47:04.274530   80256 load.go:23] Could not load config from \"/Users/mainawycliffe/projects/github-griller/dataconnect\": could not find dataconnect.yaml in `/Users/mainawycliffe/projects/github-griller/dataconnect`\n"}}
[debug] [2025-07-30T10:47:14.275Z] E0730 13:47:14.274765   80256 load.go:23] Could not load config from "/Users/mainawycliffe/projects/github-griller/dataconnect": could not find dataconnect.yaml in `/Users/mainawycliffe/projects/github-griller/dataconnect`
 {"metadata":{"emulator":{"name":"dataconnect"},"message":"E0730 13:47:14.274765   80256 load.go:23] Could not load config from \"/Users/mainawycliffe/projects/github-griller/dataconnect\": could not find dataconnect.yaml in `/Users/mainawycliffe/projects/github-griller/dataconnect`\n"}}
[debug] [2025-07-30T10:47:24.275Z] E0730 13:47:24.275054   80256 load.go:23] Could not load config from "/Users/mainawycliffe/projects/github-griller/dataconnect": could not find dataconnect.yaml in `/Users/mainawycliffe/projects/github-griller/dataconnect`
 {"metadata":{"emulator":{"name":"dataconnect"},"message":"E0730 13:47:24.275054   80256 load.go:23] Could not load config from \"/Users/mainawycliffe/projects/github-griller/dataconnect\": could not find dataconnect.yaml in `/Users/mainawycliffe/projects/github-griller/dataconnect`\n"}}
[debug] [2025-07-30T10:47:34.275Z] E0730 13:47:34.275027   80256 load.go:23] Could not load config from "/Users/mainawycliffe/projects/github-griller/dataconnect": could not find dataconnect.yaml in `/Users/mainawycliffe/projects/github-griller/dataconnect`
 {"metadata":{"emulator":{"name":"dataconnect"},"message":"E0730 13:47:34.275027   80256 load.go:23] Could not load config from \"/Users/mainawycliffe/projects/github-griller/dataconnect\": could not find dataconnect.yaml in `/Users/mainawycliffe/projects/github-griller/dataconnect`\n"}}
[debug] [2025-07-30T10:47:44.275Z] E0730 13:47:44.275067   80256 load.go:23] Could not load config from "/Users/mainawycliffe/projects/github-griller/dataconnect": could not find dataconnect.yaml in `/Users/mainawycliffe/projects/github-griller/dataconnect`
 {"metadata":{"emulator":{"name":"dataconnect"},"message":"E0730 13:47:44.275067   80256 load.go:23] Could not load config from \"/Users/mainawycliffe/projects/github-griller/dataconnect\": could not find dataconnect.yaml in `/Users/mainawycliffe/projects/github-griller/dataconnect`\n"}}
[debug] [2025-07-30T10:47:54.274Z] E0730 13:47:54.274173   80256 load.go:23] Could not load config from "/Users/mainawycliffe/projects/github-griller/dataconnect": could not find dataconnect.yaml in `/Users/mainawycliffe/projects/github-griller/dataconnect`
 {"metadata":{"emulator":{"name":"dataconnect"},"message":"E0730 13:47:54.274173   80256 load.go:23] Could not load config from \"/Users/mainawycliffe/projects/github-griller/dataconnect\": could not find dataconnect.yaml in `/Users/mainawycliffe/projects/github-griller/dataconnect`\n"}}
[debug] [2025-07-30T10:48:04.274Z] E0730 13:48:04.274322   80256 load.go:23] Could not load config from "/Users/mainawycliffe/projects/github-griller/dataconnect": could not find dataconnect.yaml in `/Users/mainawycliffe/projects/github-griller/dataconnect`
 {"metadata":{"emulator":{"name":"dataconnect"},"message":"E0730 13:48:04.274322   80256 load.go:23] Could not load config from \"/Users/mainawycliffe/projects/github-griller/dataconnect\": could not find dataconnect.yaml in `/Users/mainawycliffe/projects/github-griller/dataconnect`\n"}}
[debug] [2025-07-30T10:48:04.276Z] E0730 13:48:04.274569   80256 watch.go:76] watchAllDir unable to walk dir `/Users/mainawycliffe/projects/github-griller/dataconnect`: on path "/Users/mainawycliffe/projects/github-griller/dataconnect" (DirEntry: <nil>): lstat /Users/mainawycliffe/projects/github-griller/dataconnect: no such file or directory
 {"metadata":{"emulator":{"name":"dataconnect"},"message":"E0730 13:48:04.274569   80256 watch.go:76] watchAllDir unable to walk dir `/Users/mainawycliffe/projects/github-griller/dataconnect`: on path \"/Users/mainawycliffe/projects/github-griller/dataconnect\" (DirEntry: <nil>): lstat /Users/mainawycliffe/projects/github-griller/dataconnect: no such file or directory\n"}}
[debug] [2025-07-30T10:48:14.275Z] E0730 13:48:14.274695   80256 load.go:23] Could not load config from "/Users/mainawycliffe/projects/github-griller/dataconnect": could not find dataconnect.yaml in `/Users/mainawycliffe/projects/github-griller/dataconnect`
 {"metadata":{"emulator":{"name":"dataconnect"},"message":"E0730 13:48:14.274695   80256 load.go:23] Could not load config from \"/Users/mainawycliffe/projects/github-griller/dataconnect\": could not find dataconnect.yaml in `/Users/mainawycliffe/projects/github-griller/dataconnect`\n"}}
[debug] [2025-07-30T10:48:24.274Z] E0730 13:48:24.274599   80256 load.go:23] Could not load config from "/Users/mainawycliffe/projects/github-griller/dataconnect": could not find dataconnect.yaml in `/Users/mainawycliffe/projects/github-griller/dataconnect`
 {"metadata":{"emulator":{"name":"dataconnect"},"message":"E0730 13:48:24.274599   80256 load.go:23] Could not load config from \"/Users/mainawycliffe/projects/github-griller/dataconnect\": could not find dataconnect.yaml in `/Users/mainawycliffe/projects/github-griller/dataconnect`\n"}}
[debug] [2025-07-30T10:48:34.274Z] E0730 13:48:34.274243   80256 load.go:23] Could not load config from "/Users/mainawycliffe/projects/github-griller/dataconnect": could not find dataconnect.yaml in `/Users/mainawycliffe/projects/github-griller/dataconnect`
 {"metadata":{"emulator":{"name":"dataconnect"},"message":"E0730 13:48:34.274243   80256 load.go:23] Could not load config from \"/Users/mainawycliffe/projects/github-griller/dataconnect\": could not find dataconnect.yaml in `/Users/mainawycliffe/projects/github-griller/dataconnect`\n"}}
[debug] [2025-07-30T10:48:44.275Z] E0730 13:48:44.274442   80256 load.go:23] Could not load config from "/Users/mainawycliffe/projects/github-griller/dataconnect": could not find dataconnect.yaml in `/Users/mainawycliffe/projects/github-griller/dataconnect`
 {"metadata":{"emulator":{"name":"dataconnect"},"message":"E0730 13:48:44.274442   80256 load.go:23] Could not load config from \"/Users/mainawycliffe/projects/github-griller/dataconnect\": could not find dataconnect.yaml in `/Users/mainawycliffe/projects/github-griller/dataconnect`\n"}}
[debug] [2025-07-30T10:48:54.274Z] E0730 13:48:54.274582   80256 load.go:23] Could not load config from "/Users/mainawycliffe/projects/github-griller/dataconnect": could not find dataconnect.yaml in `/Users/mainawycliffe/projects/github-griller/dataconnect`
 {"metadata":{"emulator":{"name":"dataconnect"},"message":"E0730 13:48:54.274582   80256 load.go:23] Could not load config from \"/Users/mainawycliffe/projects/github-griller/dataconnect\": could not find dataconnect.yaml in `/Users/mainawycliffe/projects/github-griller/dataconnect`\n"}}
[debug] [2025-07-30T10:49:04.274Z] E0730 13:49:04.274473   80256 load.go:23] Could not load config from "/Users/mainawycliffe/projects/github-griller/dataconnect": could not find dataconnect.yaml in `/Users/mainawycliffe/projects/github-griller/dataconnect`
 {"metadata":{"emulator":{"name":"dataconnect"},"message":"E0730 13:49:04.274473   80256 load.go:23] Could not load config from \"/Users/mainawycliffe/projects/github-griller/dataconnect\": could not find dataconnect.yaml in `/Users/mainawycliffe/projects/github-griller/dataconnect`\n"}}
[debug] [2025-07-30T10:49:14.275Z] E0730 13:49:14.274947   80256 load.go:23] Could not load config from "/Users/mainawycliffe/projects/github-griller/dataconnect": could not find dataconnect.yaml in `/Users/mainawycliffe/projects/github-griller/dataconnect`
 {"metadata":{"emulator":{"name":"dataconnect"},"message":"E0730 13:49:14.274947   80256 load.go:23] Could not load config from \"/Users/mainawycliffe/projects/github-griller/dataconnect\": could not find dataconnect.yaml in `/Users/mainawycliffe/projects/github-griller/dataconnect`\n"}}
[debug] [2025-07-30T10:49:24.274Z] E0730 13:49:24.274566   80256 load.go:23] Could not load config from "/Users/mainawycliffe/projects/github-griller/dataconnect": could not find dataconnect.yaml in `/Users/mainawycliffe/projects/github-griller/dataconnect`
 {"metadata":{"emulator":{"name":"dataconnect"},"message":"E0730 13:49:24.274566   80256 load.go:23] Could not load config from \"/Users/mainawycliffe/projects/github-griller/dataconnect\": could not find dataconnect.yaml in `/Users/mainawycliffe/projects/github-griller/dataconnect`\n"}}
[debug] [2025-07-30T10:49:34.274Z] E0730 13:49:34.274229   80256 load.go:23] Could not load config from "/Users/mainawycliffe/projects/github-griller/dataconnect": could not find dataconnect.yaml in `/Users/mainawycliffe/projects/github-griller/dataconnect`
 {"metadata":{"emulator":{"name":"dataconnect"},"message":"E0730 13:49:34.274229   80256 load.go:23] Could not load config from \"/Users/mainawycliffe/projects/github-griller/dataconnect\": could not find dataconnect.yaml in `/Users/mainawycliffe/projects/github-griller/dataconnect`\n"}}
[debug] [2025-07-30T10:49:44.274Z] E0730 13:49:44.274632   80256 load.go:23] Could not load config from "/Users/mainawycliffe/projects/github-griller/dataconnect": could not find dataconnect.yaml in `/Users/mainawycliffe/projects/github-griller/dataconnect`
 {"metadata":{"emulator":{"name":"dataconnect"},"message":"E0730 13:49:44.274632   80256 load.go:23] Could not load config from \"/Users/mainawycliffe/projects/github-griller/dataconnect\": could not find dataconnect.yaml in `/Users/mainawycliffe/projects/github-griller/dataconnect`\n"}}
[debug] [2025-07-30T10:49:54.275Z] E0730 13:49:54.274901   80256 load.go:23] Could not load config from "/Users/mainawycliffe/projects/github-griller/dataconnect": could not find dataconnect.yaml in `/Users/mainawycliffe/projects/github-griller/dataconnect`
 {"metadata":{"emulator":{"name":"dataconnect"},"message":"E0730 13:49:54.274901   80256 load.go:23] Could not load config from \"/Users/mainawycliffe/projects/github-griller/dataconnect\": could not find dataconnect.yaml in `/Users/mainawycliffe/projects/github-griller/dataconnect`\n"}}
[debug] [2025-07-30T10:50:04.274Z] E0730 13:50:04.274114   80256 load.go:23] Could not load config from "/Users/mainawycliffe/projects/github-griller/dataconnect": could not find dataconnect.yaml in `/Users/mainawycliffe/projects/github-griller/dataconnect`
E0730 13:50:04.274309   80256 watch.go:76] watchAllDir unable to walk dir `/Users/mainawycliffe/projects/github-griller/dataconnect`: on path "/Users/mainawycliffe/projects/github-griller/dataconnect" (DirEntry: <nil>): lstat /Users/mainawycliffe/projects/github-griller/dataconnect: no such file or directory
 {"metadata":{"emulator":{"name":"dataconnect"},"message":"E0730 13:50:04.274114   80256 load.go:23] Could not load config from \"/Users/mainawycliffe/projects/github-griller/dataconnect\": could not find dataconnect.yaml in `/Users/mainawycliffe/projects/github-griller/dataconnect`\nE0730 13:50:04.274309   80256 watch.go:76] watchAllDir unable to walk dir `/Users/mainawycliffe/projects/github-griller/dataconnect`: on path \"/Users/mainawycliffe/projects/github-griller/dataconnect\" (DirEntry: <nil>): lstat /Users/mainawycliffe/projects/github-griller/dataconnect: no such file or directory\n"}}
[debug] [2025-07-30T10:50:14.275Z] E0730 13:50:14.274887   80256 load.go:23] Could not load config from "/Users/mainawycliffe/projects/github-griller/dataconnect": could not find dataconnect.yaml in `/Users/mainawycliffe/projects/github-griller/dataconnect`
 {"metadata":{"emulator":{"name":"dataconnect"},"message":"E0730 13:50:14.274887   80256 load.go:23] Could not load config from \"/Users/mainawycliffe/projects/github-griller/dataconnect\": could not find dataconnect.yaml in `/Users/mainawycliffe/projects/github-griller/dataconnect`\n"}}
[debug] [2025-07-30T10:50:24.274Z] E0730 13:50:24.273996   80256 load.go:23] Could not load config from "/Users/mainawycliffe/projects/github-griller/dataconnect": could not find dataconnect.yaml in `/Users/mainawycliffe/projects/github-griller/dataconnect`
 {"metadata":{"emulator":{"name":"dataconnect"},"message":"E0730 13:50:24.273996   80256 load.go:23] Could not load config from \"/Users/mainawycliffe/projects/github-griller/dataconnect\": could not find dataconnect.yaml in `/Users/mainawycliffe/projects/github-griller/dataconnect`\n"}}
[debug] [2025-07-30T10:50:34.274Z] E0730 13:50:34.274586   80256 load.go:23] Could not load config from "/Users/mainawycliffe/projects/github-griller/dataconnect": could not find dataconnect.yaml in `/Users/mainawycliffe/projects/github-griller/dataconnect`
 {"metadata":{"emulator":{"name":"dataconnect"},"message":"E0730 13:50:34.274586   80256 load.go:23] Could not load config from \"/Users/mainawycliffe/projects/github-griller/dataconnect\": could not find dataconnect.yaml in `/Users/mainawycliffe/projects/github-griller/dataconnect`\n"}}
[debug] [2025-07-30T10:50:44.274Z] E0730 13:50:44.274215   80256 load.go:23] Could not load config from "/Users/mainawycliffe/projects/github-griller/dataconnect": could not find dataconnect.yaml in `/Users/mainawycliffe/projects/github-griller/dataconnect`
 {"metadata":{"emulator":{"name":"dataconnect"},"message":"E0730 13:50:44.274215   80256 load.go:23] Could not load config from \"/Users/mainawycliffe/projects/github-griller/dataconnect\": could not find dataconnect.yaml in `/Users/mainawycliffe/projects/github-griller/dataconnect`\n"}}
[debug] [2025-07-30T10:50:54.274Z] E0730 13:50:54.274378   80256 load.go:23] Could not load config from "/Users/mainawycliffe/projects/github-griller/dataconnect": could not find dataconnect.yaml in `/Users/mainawycliffe/projects/github-griller/dataconnect`
 {"metadata":{"emulator":{"name":"dataconnect"},"message":"E0730 13:50:54.274378   80256 load.go:23] Could not load config from \"/Users/mainawycliffe/projects/github-griller/dataconnect\": could not find dataconnect.yaml in `/Users/mainawycliffe/projects/github-griller/dataconnect`\n"}}
[debug] [2025-07-30T10:51:04.274Z] E0730 13:51:04.274209   80256 load.go:23] Could not load config from "/Users/mainawycliffe/projects/github-griller/dataconnect": could not find dataconnect.yaml in `/Users/mainawycliffe/projects/github-griller/dataconnect`
 {"metadata":{"emulator":{"name":"dataconnect"},"message":"E0730 13:51:04.274209   80256 load.go:23] Could not load config from \"/Users/mainawycliffe/projects/github-griller/dataconnect\": could not find dataconnect.yaml in `/Users/mainawycliffe/projects/github-griller/dataconnect`\n"}}
[debug] [2025-07-30T10:51:14.275Z] E0730 13:51:14.274777   80256 load.go:23] Could not load config from "/Users/mainawycliffe/projects/github-griller/dataconnect": could not find dataconnect.yaml in `/Users/mainawycliffe/projects/github-griller/dataconnect`
 {"metadata":{"emulator":{"name":"dataconnect"},"message":"E0730 13:51:14.274777   80256 load.go:23] Could not load config from \"/Users/mainawycliffe/projects/github-griller/dataconnect\": could not find dataconnect.yaml in `/Users/mainawycliffe/projects/github-griller/dataconnect`\n"}}
[debug] [2025-07-30T10:51:24.275Z] E0730 13:51:24.274665   80256 load.go:23] Could not load config from "/Users/mainawycliffe/projects/github-griller/dataconnect": could not find dataconnect.yaml in `/Users/mainawycliffe/projects/github-griller/dataconnect`
 {"metadata":{"emulator":{"name":"dataconnect"},"message":"E0730 13:51:24.274665   80256 load.go:23] Could not load config from \"/Users/mainawycliffe/projects/github-griller/dataconnect\": could not find dataconnect.yaml in `/Users/mainawycliffe/projects/github-griller/dataconnect`\n"}}
[debug] [2025-07-30T10:51:34.274Z] E0730 13:51:34.274226   80256 load.go:23] Could not load config from "/Users/mainawycliffe/projects/github-griller/dataconnect": could not find dataconnect.yaml in `/Users/mainawycliffe/projects/github-griller/dataconnect`
 {"metadata":{"emulator":{"name":"dataconnect"},"message":"E0730 13:51:34.274226   80256 load.go:23] Could not load config from \"/Users/mainawycliffe/projects/github-griller/dataconnect\": could not find dataconnect.yaml in `/Users/mainawycliffe/projects/github-griller/dataconnect`\n"}}
[debug] [2025-07-30T10:51:44.275Z] E0730 13:51:44.274536   80256 load.go:23] Could not load config from "/Users/mainawycliffe/projects/github-griller/dataconnect": could not find dataconnect.yaml in `/Users/mainawycliffe/projects/github-griller/dataconnect`
 {"metadata":{"emulator":{"name":"dataconnect"},"message":"E0730 13:51:44.274536   80256 load.go:23] Could not load config from \"/Users/mainawycliffe/projects/github-griller/dataconnect\": could not find dataconnect.yaml in `/Users/mainawycliffe/projects/github-griller/dataconnect`\n"}}
[debug] [2025-07-30T10:51:54.274Z] E0730 13:51:54.273894   80256 load.go:23] Could not load config from "/Users/mainawycliffe/projects/github-griller/dataconnect": could not find dataconnect.yaml in `/Users/mainawycliffe/projects/github-griller/dataconnect`
 {"metadata":{"emulator":{"name":"dataconnect"},"message":"E0730 13:51:54.273894   80256 load.go:23] Could not load config from \"/Users/mainawycliffe/projects/github-griller/dataconnect\": could not find dataconnect.yaml in `/Users/mainawycliffe/projects/github-griller/dataconnect`\n"}}
[debug] [2025-07-30T10:52:04.274Z] E0730 13:52:04.274303   80256 load.go:23] Could not load config from "/Users/mainawycliffe/projects/github-griller/dataconnect": could not find dataconnect.yaml in `/Users/mainawycliffe/projects/github-griller/dataconnect`
E0730 13:52:04.274507   80256 watch.go:76] watchAllDir unable to walk dir `/Users/mainawycliffe/projects/github-griller/dataconnect`: on path "/Users/mainawycliffe/projects/github-griller/dataconnect" (DirEntry: <nil>): lstat /Users/mainawycliffe/projects/github-griller/dataconnect: no such file or directory
 {"metadata":{"emulator":{"name":"dataconnect"},"message":"E0730 13:52:04.274303   80256 load.go:23] Could not load config from \"/Users/mainawycliffe/projects/github-griller/dataconnect\": could not find dataconnect.yaml in `/Users/mainawycliffe/projects/github-griller/dataconnect`\nE0730 13:52:04.274507   80256 watch.go:76] watchAllDir unable to walk dir `/Users/mainawycliffe/projects/github-griller/dataconnect`: on path \"/Users/mainawycliffe/projects/github-griller/dataconnect\" (DirEntry: <nil>): lstat /Users/mainawycliffe/projects/github-griller/dataconnect: no such file or directory\n"}}
[debug] [2025-07-30T10:52:14.275Z] E0730 13:52:14.274682   80256 load.go:23] Could not load config from "/Users/mainawycliffe/projects/github-griller/dataconnect": could not find dataconnect.yaml in `/Users/mainawycliffe/projects/github-griller/dataconnect`
 {"metadata":{"emulator":{"name":"dataconnect"},"message":"E0730 13:52:14.274682   80256 load.go:23] Could not load config from \"/Users/mainawycliffe/projects/github-griller/dataconnect\": could not find dataconnect.yaml in `/Users/mainawycliffe/projects/github-griller/dataconnect`\n"}}
[debug] [2025-07-30T10:52:24.274Z] E0730 13:52:24.274106   80256 load.go:23] Could not load config from "/Users/mainawycliffe/projects/github-griller/dataconnect": could not find dataconnect.yaml in `/Users/mainawycliffe/projects/github-griller/dataconnect`
 {"metadata":{"emulator":{"name":"dataconnect"},"message":"E0730 13:52:24.274106   80256 load.go:23] Could not load config from \"/Users/mainawycliffe/projects/github-griller/dataconnect\": could not find dataconnect.yaml in `/Users/mainawycliffe/projects/github-griller/dataconnect`\n"}}
[debug] [2025-07-30T10:52:34.274Z] E0730 13:52:34.274136   80256 load.go:23] Could not load config from "/Users/mainawycliffe/projects/github-griller/dataconnect": could not find dataconnect.yaml in `/Users/mainawycliffe/projects/github-griller/dataconnect`
 {"metadata":{"emulator":{"name":"dataconnect"},"message":"E0730 13:52:34.274136   80256 load.go:23] Could not load config from \"/Users/mainawycliffe/projects/github-griller/dataconnect\": could not find dataconnect.yaml in `/Users/mainawycliffe/projects/github-griller/dataconnect`\n"}}
[debug] [2025-07-30T10:52:44.274Z] E0730 13:52:44.274526   80256 load.go:23] Could not load config from "/Users/mainawycliffe/projects/github-griller/dataconnect": could not find dataconnect.yaml in `/Users/mainawycliffe/projects/github-griller/dataconnect`
 {"metadata":{"emulator":{"name":"dataconnect"},"message":"E0730 13:52:44.274526   80256 load.go:23] Could not load config from \"/Users/mainawycliffe/projects/github-griller/dataconnect\": could not find dataconnect.yaml in `/Users/mainawycliffe/projects/github-griller/dataconnect`\n"}}
[debug] [2025-07-30T10:52:54.274Z] E0730 13:52:54.274053   80256 load.go:23] Could not load config from "/Users/mainawycliffe/projects/github-griller/dataconnect": could not find dataconnect.yaml in `/Users/mainawycliffe/projects/github-griller/dataconnect`
 {"metadata":{"emulator":{"name":"dataconnect"},"message":"E0730 13:52:54.274053   80256 load.go:23] Could not load config from \"/Users/mainawycliffe/projects/github-griller/dataconnect\": could not find dataconnect.yaml in `/Users/mainawycliffe/projects/github-griller/dataconnect`\n"}}
[debug] [2025-07-30T10:53:04.276Z] E0730 13:53:04.276092   80256 load.go:23] Could not load config from "/Users/mainawycliffe/projects/github-griller/dataconnect": could not find dataconnect.yaml in `/Users/mainawycliffe/projects/github-griller/dataconnect`
 {"metadata":{"emulator":{"name":"dataconnect"},"message":"E0730 13:53:04.276092   80256 load.go:23] Could not load config from \"/Users/mainawycliffe/projects/github-griller/dataconnect\": could not find dataconnect.yaml in `/Users/mainawycliffe/projects/github-griller/dataconnect`\n"}}
[debug] [2025-07-30T10:53:14.274Z] E0730 13:53:14.273489   80256 load.go:23] Could not load config from "/Users/mainawycliffe/projects/github-griller/dataconnect": could not find dataconnect.yaml in `/Users/mainawycliffe/projects/github-griller/dataconnect`
 {"metadata":{"emulator":{"name":"dataconnect"},"message":"E0730 13:53:14.273489   80256 load.go:23] Could not load config from \"/Users/mainawycliffe/projects/github-griller/dataconnect\": could not find dataconnect.yaml in `/Users/mainawycliffe/projects/github-griller/dataconnect`\n"}}
[debug] [2025-07-30T10:53:24.273Z] E0730 13:53:24.273306   80256 load.go:23] Could not load config from "/Users/mainawycliffe/projects/github-griller/dataconnect": could not find dataconnect.yaml in `/Users/mainawycliffe/projects/github-griller/dataconnect`
 {"metadata":{"emulator":{"name":"dataconnect"},"message":"E0730 13:53:24.273306   80256 load.go:23] Could not load config from \"/Users/mainawycliffe/projects/github-griller/dataconnect\": could not find dataconnect.yaml in `/Users/mainawycliffe/projects/github-griller/dataconnect`\n"}}
[debug] [2025-07-30T10:53:34.275Z] E0730 13:53:34.274564   80256 load.go:23] Could not load config from "/Users/mainawycliffe/projects/github-griller/dataconnect": could not find dataconnect.yaml in `/Users/mainawycliffe/projects/github-griller/dataconnect`
 {"metadata":{"emulator":{"name":"dataconnect"},"message":"E0730 13:53:34.274564   80256 load.go:23] Could not load config from \"/Users/mainawycliffe/projects/github-griller/dataconnect\": could not find dataconnect.yaml in `/Users/mainawycliffe/projects/github-griller/dataconnect`\n"}}
[debug] [2025-07-30T10:53:44.274Z] E0730 13:53:44.274204   80256 load.go:23] Could not load config from "/Users/mainawycliffe/projects/github-griller/dataconnect": could not find dataconnect.yaml in `/Users/mainawycliffe/projects/github-griller/dataconnect`
 {"metadata":{"emulator":{"name":"dataconnect"},"message":"E0730 13:53:44.274204   80256 load.go:23] Could not load config from \"/Users/mainawycliffe/projects/github-griller/dataconnect\": could not find dataconnect.yaml in `/Users/mainawycliffe/projects/github-griller/dataconnect`\n"}}
[debug] [2025-07-30T10:53:54.274Z] E0730 13:53:54.274313   80256 load.go:23] Could not load config from "/Users/mainawycliffe/projects/github-griller/dataconnect": could not find dataconnect.yaml in `/Users/mainawycliffe/projects/github-griller/dataconnect`
 {"metadata":{"emulator":{"name":"dataconnect"},"message":"E0730 13:53:54.274313   80256 load.go:23] Could not load config from \"/Users/mainawycliffe/projects/github-griller/dataconnect\": could not find dataconnect.yaml in `/Users/mainawycliffe/projects/github-griller/dataconnect`\n"}}
[debug] [2025-07-30T10:54:04.274Z] E0730 13:54:04.274153   80256 load.go:23] Could not load config from "/Users/mainawycliffe/projects/github-griller/dataconnect": could not find dataconnect.yaml in `/Users/mainawycliffe/projects/github-griller/dataconnect`
 {"metadata":{"emulator":{"name":"dataconnect"},"message":"E0730 13:54:04.274153   80256 load.go:23] Could not load config from \"/Users/mainawycliffe/projects/github-griller/dataconnect\": could not find dataconnect.yaml in `/Users/mainawycliffe/projects/github-griller/dataconnect`\n"}}
[debug] [2025-07-30T10:54:04.274Z] E0730 13:54:04.274360   80256 watch.go:76] watchAllDir unable to walk dir `/Users/mainawycliffe/projects/github-griller/dataconnect`: on path "/Users/mainawycliffe/projects/github-griller/dataconnect" (DirEntry: <nil>): lstat /Users/mainawycliffe/projects/github-griller/dataconnect: no such file or directory
 {"metadata":{"emulator":{"name":"dataconnect"},"message":"E0730 13:54:04.274360   80256 watch.go:76] watchAllDir unable to walk dir `/Users/mainawycliffe/projects/github-griller/dataconnect`: on path \"/Users/mainawycliffe/projects/github-griller/dataconnect\" (DirEntry: <nil>): lstat /Users/mainawycliffe/projects/github-griller/dataconnect: no such file or directory\n"}}
[debug] [2025-07-30T10:54:14.274Z] E0730 13:54:14.274307   80256 load.go:23] Could not load config from "/Users/mainawycliffe/projects/github-griller/dataconnect": could not find dataconnect.yaml in `/Users/mainawycliffe/projects/github-griller/dataconnect`
 {"metadata":{"emulator":{"name":"dataconnect"},"message":"E0730 13:54:14.274307   80256 load.go:23] Could not load config from \"/Users/mainawycliffe/projects/github-griller/dataconnect\": could not find dataconnect.yaml in `/Users/mainawycliffe/projects/github-griller/dataconnect`\n"}}
[debug] [2025-07-30T10:54:24.273Z] E0730 13:54:24.273195   80256 load.go:23] Could not load config from "/Users/mainawycliffe/projects/github-griller/dataconnect": could not find dataconnect.yaml in `/Users/mainawycliffe/projects/github-griller/dataconnect`
 {"metadata":{"emulator":{"name":"dataconnect"},"message":"E0730 13:54:24.273195   80256 load.go:23] Could not load config from \"/Users/mainawycliffe/projects/github-griller/dataconnect\": could not find dataconnect.yaml in `/Users/mainawycliffe/projects/github-griller/dataconnect`\n"}}
[debug] [2025-07-30T10:54:34.273Z] E0730 13:54:34.273425   80256 load.go:23] Could not load config from "/Users/mainawycliffe/projects/github-griller/dataconnect": could not find dataconnect.yaml in `/Users/mainawycliffe/projects/github-griller/dataconnect`
 {"metadata":{"emulator":{"name":"dataconnect"},"message":"E0730 13:54:34.273425   80256 load.go:23] Could not load config from \"/Users/mainawycliffe/projects/github-griller/dataconnect\": could not find dataconnect.yaml in `/Users/mainawycliffe/projects/github-griller/dataconnect`\n"}}
[debug] [2025-07-30T10:54:44.273Z] E0730 13:54:44.273798   80256 load.go:23] Could not load config from "/Users/mainawycliffe/projects/github-griller/dataconnect": could not find dataconnect.yaml in `/Users/mainawycliffe/projects/github-griller/dataconnect`
 {"metadata":{"emulator":{"name":"dataconnect"},"message":"E0730 13:54:44.273798   80256 load.go:23] Could not load config from \"/Users/mainawycliffe/projects/github-griller/dataconnect\": could not find dataconnect.yaml in `/Users/mainawycliffe/projects/github-griller/dataconnect`\n"}}
[debug] [2025-07-30T10:54:54.275Z] E0730 13:54:54.274485   80256 load.go:23] Could not load config from "/Users/mainawycliffe/projects/github-griller/dataconnect": could not find dataconnect.yaml in `/Users/mainawycliffe/projects/github-griller/dataconnect`
 {"metadata":{"emulator":{"name":"dataconnect"},"message":"E0730 13:54:54.274485   80256 load.go:23] Could not load config from \"/Users/mainawycliffe/projects/github-griller/dataconnect\": could not find dataconnect.yaml in `/Users/mainawycliffe/projects/github-griller/dataconnect`\n"}}
[debug] [2025-07-30T10:55:04.275Z] E0730 13:55:04.274384   80256 load.go:23] Could not load config from "/Users/mainawycliffe/projects/github-griller/dataconnect": could not find dataconnect.yaml in `/Users/mainawycliffe/projects/github-griller/dataconnect`
 {"metadata":{"emulator":{"name":"dataconnect"},"message":"E0730 13:55:04.274384   80256 load.go:23] Could not load config from \"/Users/mainawycliffe/projects/github-griller/dataconnect\": could not find dataconnect.yaml in `/Users/mainawycliffe/projects/github-griller/dataconnect`\n"}}
[debug] [2025-07-30T10:55:14.276Z] E0730 13:55:14.275146   80256 load.go:23] Could not load config from "/Users/mainawycliffe/projects/github-griller/dataconnect": could not find dataconnect.yaml in `/Users/mainawycliffe/projects/github-griller/dataconnect`
 {"metadata":{"emulator":{"name":"dataconnect"},"message":"E0730 13:55:14.275146   80256 load.go:23] Could not load config from \"/Users/mainawycliffe/projects/github-griller/dataconnect\": could not find dataconnect.yaml in `/Users/mainawycliffe/projects/github-griller/dataconnect`\n"}}
[debug] [2025-07-30T10:55:24.274Z] E0730 13:55:24.273855   80256 load.go:23] Could not load config from "/Users/mainawycliffe/projects/github-griller/dataconnect": could not find dataconnect.yaml in `/Users/mainawycliffe/projects/github-griller/dataconnect`
 {"metadata":{"emulator":{"name":"dataconnect"},"message":"E0730 13:55:24.273855   80256 load.go:23] Could not load config from \"/Users/mainawycliffe/projects/github-griller/dataconnect\": could not find dataconnect.yaml in `/Users/mainawycliffe/projects/github-griller/dataconnect`\n"}}
[debug] [2025-07-30T10:55:34.274Z] E0730 13:55:34.273934   80256 load.go:23] Could not load config from "/Users/mainawycliffe/projects/github-griller/dataconnect": could not find dataconnect.yaml in `/Users/mainawycliffe/projects/github-griller/dataconnect`
 {"metadata":{"emulator":{"name":"dataconnect"},"message":"E0730 13:55:34.273934   80256 load.go:23] Could not load config from \"/Users/mainawycliffe/projects/github-griller/dataconnect\": could not find dataconnect.yaml in `/Users/mainawycliffe/projects/github-griller/dataconnect`\n"}}
[debug] [2025-07-30T10:55:44.275Z] E0730 13:55:44.274409   80256 load.go:23] Could not load config from "/Users/mainawycliffe/projects/github-griller/dataconnect": could not find dataconnect.yaml in `/Users/mainawycliffe/projects/github-griller/dataconnect`
 {"metadata":{"emulator":{"name":"dataconnect"},"message":"E0730 13:55:44.274409   80256 load.go:23] Could not load config from \"/Users/mainawycliffe/projects/github-griller/dataconnect\": could not find dataconnect.yaml in `/Users/mainawycliffe/projects/github-griller/dataconnect`\n"}}
[debug] [2025-07-30T10:55:54.291Z] E0730 13:55:54.290875   80256 load.go:23] Could not load config from "/Users/mainawycliffe/projects/github-griller/dataconnect": could not find dataconnect.yaml in `/Users/mainawycliffe/projects/github-griller/dataconnect`
 {"metadata":{"emulator":{"name":"dataconnect"},"message":"E0730 13:55:54.290875   80256 load.go:23] Could not load config from \"/Users/mainawycliffe/projects/github-griller/dataconnect\": could not find dataconnect.yaml in `/Users/mainawycliffe/projects/github-griller/dataconnect`\n"}}
[debug] [2025-07-30T10:56:04.299Z] E0730 13:56:04.298980   80256 load.go:23] Could not load config from "/Users/mainawycliffe/projects/github-griller/dataconnect": could not find dataconnect.yaml in `/Users/mainawycliffe/projects/github-griller/dataconnect`
E0730 13:56:04.299329   80256 watch.go:76] watchAllDir unable to walk dir `/Users/mainawycliffe/projects/github-griller/dataconnect`: on path "/Users/mainawycliffe/projects/github-griller/dataconnect" (DirEntry: <nil>): lstat /Users/mainawycliffe/projects/github-griller/dataconnect: no such file or directory
 {"metadata":{"emulator":{"name":"dataconnect"},"message":"E0730 13:56:04.298980   80256 load.go:23] Could not load config from \"/Users/mainawycliffe/projects/github-griller/dataconnect\": could not find dataconnect.yaml in `/Users/mainawycliffe/projects/github-griller/dataconnect`\nE0730 13:56:04.299329   80256 watch.go:76] watchAllDir unable to walk dir `/Users/mainawycliffe/projects/github-griller/dataconnect`: on path \"/Users/mainawycliffe/projects/github-griller/dataconnect\" (DirEntry: <nil>): lstat /Users/mainawycliffe/projects/github-griller/dataconnect: no such file or directory\n"}}
[debug] [2025-07-30T10:56:14.305Z] E0730 13:56:14.304730   80256 load.go:23] Could not load config from "/Users/mainawycliffe/projects/github-griller/dataconnect": could not find dataconnect.yaml in `/Users/mainawycliffe/projects/github-griller/dataconnect`
 {"metadata":{"emulator":{"name":"dataconnect"},"message":"E0730 13:56:14.304730   80256 load.go:23] Could not load config from \"/Users/mainawycliffe/projects/github-griller/dataconnect\": could not find dataconnect.yaml in `/Users/mainawycliffe/projects/github-griller/dataconnect`\n"}}
[debug] [2025-07-30T10:56:24.307Z] E0730 13:56:24.307349   80256 load.go:23] Could not load config from "/Users/mainawycliffe/projects/github-griller/dataconnect": could not find dataconnect.yaml in `/Users/mainawycliffe/projects/github-griller/dataconnect`
 {"metadata":{"emulator":{"name":"dataconnect"},"message":"E0730 13:56:24.307349   80256 load.go:23] Could not load config from \"/Users/mainawycliffe/projects/github-griller/dataconnect\": could not find dataconnect.yaml in `/Users/mainawycliffe/projects/github-griller/dataconnect`\n"}}
[debug] [2025-07-30T10:56:34.308Z] E0730 13:56:34.308473   80256 load.go:23] Could not load config from "/Users/mainawycliffe/projects/github-griller/dataconnect": could not find dataconnect.yaml in `/Users/mainawycliffe/projects/github-griller/dataconnect`
 {"metadata":{"emulator":{"name":"dataconnect"},"message":"E0730 13:56:34.308473   80256 load.go:23] Could not load config from \"/Users/mainawycliffe/projects/github-griller/dataconnect\": could not find dataconnect.yaml in `/Users/mainawycliffe/projects/github-griller/dataconnect`\n"}}
[debug] [2025-07-30T10:56:44.308Z] E0730 13:56:44.308905   80256 load.go:23] Could not load config from "/Users/mainawycliffe/projects/github-griller/dataconnect": could not find dataconnect.yaml in `/Users/mainawycliffe/projects/github-griller/dataconnect`
 {"metadata":{"emulator":{"name":"dataconnect"},"message":"E0730 13:56:44.308905   80256 load.go:23] Could not load config from \"/Users/mainawycliffe/projects/github-griller/dataconnect\": could not find dataconnect.yaml in `/Users/mainawycliffe/projects/github-griller/dataconnect`\n"}}
